2025-07-21 15:49:25 | src.utils.logger | [32mINFO[0m | Logging system initialized
2025-07-21 15:49:25 | src.utils.logger | DEBUG | Log level: INFO
2025-07-21 15:49:25 | src.utils.logger | DEBUG | Log file: logs\app_20250721_154925.log
2025-07-21 15:49:25 | __main__ | [32mINFO[0m | ============================================================
2025-07-21 15:49:25 | __main__ | [32mINFO[0m | FACE ANTI-SPOOFING ATTENDANCE SYSTEM
2025-07-21 15:49:25 | __main__ | [32mINFO[0m | ============================================================
2025-07-21 15:49:25 | __main__ | [32mINFO[0m | Mode: web
2025-07-21 15:49:25 | __main__ | [32mINFO[0m | Config: config/default.json
2025-07-21 15:49:25 | __main__ | [32mINFO[0m | Debug: False
2025-07-21 15:49:25 | src.utils.config | [33mWARNING[0m | Failed to load config from D:\Codingan\skripsi\dari nol\config\default.json: TrainingConfig.__init__() got an unexpected keyword argument 'optimizer'
2025-07-21 15:49:25 | src.utils.config | [32mINFO[0m | Using default configuration
2025-07-21 15:49:25 | src.core.app_launcher | [32mINFO[0m | [OK] Application launcher initialized
2025-07-21 15:49:25 | src.core.app_launcher | [32mINFO[0m | [START] Starting web application...
2025-07-21 15:49:26 | src.core.app_launcher | [32mINFO[0m | Press Ctrl+C to stop the server
2025-07-21 15:51:09 | web | [32mINFO[0m | Client connected: y3K35MJnnxpo0jURAAAB
2025-07-21 15:51:12 | web | [32mINFO[0m | Processed frame for session: 71be2516-3ca6-4bd2-9cac-ded36efcb682
2025-07-21 15:51:13 | web | [32mINFO[0m | Processed frame for session: 71be2516-3ca6-4bd2-9cac-ded36efcb682
2025-07-21 15:51:13 | web | [32mINFO[0m | Processed frame for session: 71be2516-3ca6-4bd2-9cac-ded36efcb682
2025-07-21 15:51:13 | web | [32mINFO[0m | Processed frame for session: 71be2516-3ca6-4bd2-9cac-ded36efcb682
2025-07-21 15:51:13 | web | [32mINFO[0m | Processed frame for session: 71be2516-3ca6-4bd2-9cac-ded36efcb682
2025-07-21 15:51:14 | web | [32mINFO[0m | Processed frame for session: 71be2516-3ca6-4bd2-9cac-ded36efcb682
2025-07-21 15:51:14 | web | [32mINFO[0m | Processed frame for session: 71be2516-3ca6-4bd2-9cac-ded36efcb682
2025-07-21 15:51:14 | web | [32mINFO[0m | Processed frame for session: 71be2516-3ca6-4bd2-9cac-ded36efcb682
2025-07-21 15:51:14 | web | [32mINFO[0m | Processed frame for session: 71be2516-3ca6-4bd2-9cac-ded36efcb682
2025-07-21 15:51:14 | web | [32mINFO[0m | Processed frame for session: 71be2516-3ca6-4bd2-9cac-ded36efcb682
2025-07-21 15:51:15 | web | [32mINFO[0m | Processed frame for session: 71be2516-3ca6-4bd2-9cac-ded36efcb682
2025-07-21 15:51:15 | web | [32mINFO[0m | Processed frame for session: 71be2516-3ca6-4bd2-9cac-ded36efcb682
2025-07-21 15:51:15 | web | [32mINFO[0m | Processed frame for session: 71be2516-3ca6-4bd2-9cac-ded36efcb682
2025-07-21 15:51:15 | web | [32mINFO[0m | Processed frame for session: 71be2516-3ca6-4bd2-9cac-ded36efcb682
2025-07-21 15:51:16 | web | [32mINFO[0m | Processed frame for session: 71be2516-3ca6-4bd2-9cac-ded36efcb682
2025-07-21 15:51:16 | web | [32mINFO[0m | Processed frame for session: 71be2516-3ca6-4bd2-9cac-ded36efcb682
2025-07-21 15:51:16 | web | [32mINFO[0m | Processed frame for session: 71be2516-3ca6-4bd2-9cac-ded36efcb682
2025-07-21 15:51:16 | web | [32mINFO[0m | Processed frame for session: 71be2516-3ca6-4bd2-9cac-ded36efcb682
2025-07-21 15:51:17 | web | [32mINFO[0m | Processed frame for session: 71be2516-3ca6-4bd2-9cac-ded36efcb682
2025-07-21 15:51:17 | web | [32mINFO[0m | Processed frame for session: 71be2516-3ca6-4bd2-9cac-ded36efcb682
2025-07-21 15:51:17 | web | [32mINFO[0m | Processed frame for session: 71be2516-3ca6-4bd2-9cac-ded36efcb682
2025-07-21 15:51:17 | web | [32mINFO[0m | Processed frame for session: 71be2516-3ca6-4bd2-9cac-ded36efcb682
2025-07-21 15:51:17 | web | [32mINFO[0m | Processed frame for session: 71be2516-3ca6-4bd2-9cac-ded36efcb682
2025-07-21 15:51:18 | web | [32mINFO[0m | Processed frame for session: 71be2516-3ca6-4bd2-9cac-ded36efcb682
2025-07-21 15:51:18 | web | [32mINFO[0m | Processed frame for session: 71be2516-3ca6-4bd2-9cac-ded36efcb682
2025-07-21 15:51:18 | web | [32mINFO[0m | Processed frame for session: 71be2516-3ca6-4bd2-9cac-ded36efcb682
2025-07-21 15:51:18 | web | [32mINFO[0m | Processed frame for session: 71be2516-3ca6-4bd2-9cac-ded36efcb682
2025-07-21 15:51:19 | web | [32mINFO[0m | Processed frame for session: 71be2516-3ca6-4bd2-9cac-ded36efcb682
2025-07-21 15:51:19 | web | [32mINFO[0m | Processed frame for session: 71be2516-3ca6-4bd2-9cac-ded36efcb682
2025-07-21 15:51:19 | web | [32mINFO[0m | Processed frame for session: 71be2516-3ca6-4bd2-9cac-ded36efcb682
2025-07-21 15:51:19 | web | [32mINFO[0m | Processed frame for session: 71be2516-3ca6-4bd2-9cac-ded36efcb682
2025-07-21 15:51:19 | web | [32mINFO[0m | Processed frame for session: 71be2516-3ca6-4bd2-9cac-ded36efcb682
2025-07-21 15:51:20 | web | [32mINFO[0m | Processed frame for session: 71be2516-3ca6-4bd2-9cac-ded36efcb682
2025-07-21 15:51:20 | web | [32mINFO[0m | Processed frame for session: 71be2516-3ca6-4bd2-9cac-ded36efcb682
2025-07-21 15:51:20 | web | [32mINFO[0m | Processed frame for session: 71be2516-3ca6-4bd2-9cac-ded36efcb682
2025-07-21 15:51:20 | web | [32mINFO[0m | Processed frame for session: 71be2516-3ca6-4bd2-9cac-ded36efcb682
2025-07-21 15:51:21 | web | [32mINFO[0m | Processed frame for session: 71be2516-3ca6-4bd2-9cac-ded36efcb682
2025-07-21 15:51:21 | web | [32mINFO[0m | Processed frame for session: 71be2516-3ca6-4bd2-9cac-ded36efcb682
2025-07-21 15:51:21 | web | [32mINFO[0m | Processed frame for session: 71be2516-3ca6-4bd2-9cac-ded36efcb682
2025-07-21 15:51:22 | web | [32mINFO[0m | Processed frame for session: 71be2516-3ca6-4bd2-9cac-ded36efcb682
2025-07-21 15:51:22 | web | [32mINFO[0m | Processed frame for session: 71be2516-3ca6-4bd2-9cac-ded36efcb682
2025-07-21 15:51:22 | web | [32mINFO[0m | Processed frame for session: 71be2516-3ca6-4bd2-9cac-ded36efcb682
2025-07-21 15:51:22 | web | [32mINFO[0m | Processed frame for session: 71be2516-3ca6-4bd2-9cac-ded36efcb682
2025-07-21 15:51:23 | web | [32mINFO[0m | Processed frame for session: 71be2516-3ca6-4bd2-9cac-ded36efcb682
2025-07-21 15:51:23 | web | [32mINFO[0m | Processed frame for session: 71be2516-3ca6-4bd2-9cac-ded36efcb682
2025-07-21 15:51:23 | web | [32mINFO[0m | Processed frame for session: 71be2516-3ca6-4bd2-9cac-ded36efcb682
2025-07-21 15:51:23 | web | [32mINFO[0m | Processed frame for session: 71be2516-3ca6-4bd2-9cac-ded36efcb682
2025-07-21 15:51:24 | web | [32mINFO[0m | Processed frame for session: 71be2516-3ca6-4bd2-9cac-ded36efcb682
2025-07-21 15:51:24 | web | [32mINFO[0m | Processed frame for session: 71be2516-3ca6-4bd2-9cac-ded36efcb682
2025-07-21 15:51:24 | web | [32mINFO[0m | Processed frame for session: 71be2516-3ca6-4bd2-9cac-ded36efcb682
2025-07-21 15:51:24 | web | [32mINFO[0m | Processed frame for session: 71be2516-3ca6-4bd2-9cac-ded36efcb682
2025-07-21 15:51:25 | web | [32mINFO[0m | Processed frame for session: 71be2516-3ca6-4bd2-9cac-ded36efcb682
2025-07-21 15:51:25 | web | [32mINFO[0m | Processed frame for session: 71be2516-3ca6-4bd2-9cac-ded36efcb682
2025-07-21 15:51:25 | web | [32mINFO[0m | Processed frame for session: 71be2516-3ca6-4bd2-9cac-ded36efcb682
2025-07-21 15:51:25 | web | [32mINFO[0m | Processed frame for session: 71be2516-3ca6-4bd2-9cac-ded36efcb682
2025-07-21 15:51:26 | web | [32mINFO[0m | Processed frame for session: 71be2516-3ca6-4bd2-9cac-ded36efcb682
2025-07-21 15:51:26 | web | [32mINFO[0m | Processed frame for session: 71be2516-3ca6-4bd2-9cac-ded36efcb682
2025-07-21 15:51:26 | web | [32mINFO[0m | Processed frame for session: 71be2516-3ca6-4bd2-9cac-ded36efcb682
2025-07-21 15:51:26 | web | [32mINFO[0m | Processed frame for session: 71be2516-3ca6-4bd2-9cac-ded36efcb682
2025-07-21 15:51:27 | web | [32mINFO[0m | Processed frame for session: 71be2516-3ca6-4bd2-9cac-ded36efcb682
2025-07-21 15:51:27 | web | [32mINFO[0m | Processed frame for session: 71be2516-3ca6-4bd2-9cac-ded36efcb682
2025-07-21 15:51:27 | web | [32mINFO[0m | Processed frame for session: 71be2516-3ca6-4bd2-9cac-ded36efcb682
2025-07-21 15:51:27 | web | [32mINFO[0m | Processed frame for session: 71be2516-3ca6-4bd2-9cac-ded36efcb682
2025-07-21 15:51:28 | web | [32mINFO[0m | Processed frame for session: 71be2516-3ca6-4bd2-9cac-ded36efcb682
2025-07-21 15:51:28 | web | [32mINFO[0m | Processed frame for session: 71be2516-3ca6-4bd2-9cac-ded36efcb682
2025-07-21 15:51:28 | web | [32mINFO[0m | Processed frame for session: 71be2516-3ca6-4bd2-9cac-ded36efcb682
2025-07-21 15:51:28 | web | [32mINFO[0m | Processed frame for session: 71be2516-3ca6-4bd2-9cac-ded36efcb682
2025-07-21 15:51:29 | web | [32mINFO[0m | Processed frame for session: 71be2516-3ca6-4bd2-9cac-ded36efcb682
2025-07-21 15:51:29 | web | [32mINFO[0m | Processed frame for session: 71be2516-3ca6-4bd2-9cac-ded36efcb682
2025-07-21 15:51:29 | web | [32mINFO[0m | Processed frame for session: 71be2516-3ca6-4bd2-9cac-ded36efcb682
2025-07-21 15:51:29 | web | [32mINFO[0m | Processed frame for session: 71be2516-3ca6-4bd2-9cac-ded36efcb682
2025-07-21 15:51:30 | web | [32mINFO[0m | Processed frame for session: 71be2516-3ca6-4bd2-9cac-ded36efcb682
2025-07-21 15:51:30 | web | [32mINFO[0m | Processed frame for session: 71be2516-3ca6-4bd2-9cac-ded36efcb682
2025-07-21 15:51:30 | web | [32mINFO[0m | Processed frame for session: 71be2516-3ca6-4bd2-9cac-ded36efcb682
2025-07-21 15:51:30 | web | [32mINFO[0m | Processed frame for session: 71be2516-3ca6-4bd2-9cac-ded36efcb682
2025-07-21 15:51:31 | web | [32mINFO[0m | Processed frame for session: 71be2516-3ca6-4bd2-9cac-ded36efcb682
2025-07-21 15:51:31 | web | [32mINFO[0m | Processed frame for session: 71be2516-3ca6-4bd2-9cac-ded36efcb682
2025-07-21 15:51:31 | web | [32mINFO[0m | Processed frame for session: 71be2516-3ca6-4bd2-9cac-ded36efcb682
2025-07-21 15:51:31 | web | [32mINFO[0m | Processed frame for session: 71be2516-3ca6-4bd2-9cac-ded36efcb682
2025-07-21 15:51:32 | web | [32mINFO[0m | Processed frame for session: 71be2516-3ca6-4bd2-9cac-ded36efcb682
2025-07-21 15:51:32 | web | [32mINFO[0m | Processed frame for session: 71be2516-3ca6-4bd2-9cac-ded36efcb682
2025-07-21 15:51:32 | web | [32mINFO[0m | Processed frame for session: 71be2516-3ca6-4bd2-9cac-ded36efcb682
2025-07-21 15:51:32 | web | [32mINFO[0m | Processed frame for session: 71be2516-3ca6-4bd2-9cac-ded36efcb682
2025-07-21 15:51:33 | web | [32mINFO[0m | Processed frame for session: 71be2516-3ca6-4bd2-9cac-ded36efcb682
2025-07-21 15:51:33 | web | [33mWARNING[0m | 404 error: http://localhost:5000/socketio-test?id=f923975b-752a-4d4a-82eb-ce4303632bff&vscodeBrowserReqId=1753084293030
2025-07-21 15:51:33 | web | [32mINFO[0m | Processed frame for session: 71be2516-3ca6-4bd2-9cac-ded36efcb682
2025-07-21 15:51:33 | web | [32mINFO[0m | Processed frame for session: 71be2516-3ca6-4bd2-9cac-ded36efcb682
2025-07-21 15:51:33 | web | [32mINFO[0m | Processed frame for session: 71be2516-3ca6-4bd2-9cac-ded36efcb682
2025-07-21 15:51:34 | web | [32mINFO[0m | Processed frame for session: 71be2516-3ca6-4bd2-9cac-ded36efcb682
2025-07-21 15:51:34 | web | [32mINFO[0m | Processed frame for session: 71be2516-3ca6-4bd2-9cac-ded36efcb682
2025-07-21 15:51:34 | web | [32mINFO[0m | Processed frame for session: 71be2516-3ca6-4bd2-9cac-ded36efcb682
2025-07-21 15:51:35 | web | [32mINFO[0m | Processed frame for session: 71be2516-3ca6-4bd2-9cac-ded36efcb682
2025-07-21 15:51:35 | web | [32mINFO[0m | Processed frame for session: 71be2516-3ca6-4bd2-9cac-ded36efcb682
2025-07-21 15:51:35 | web | [32mINFO[0m | Processed frame for session: 71be2516-3ca6-4bd2-9cac-ded36efcb682
2025-07-21 15:51:36 | web | [32mINFO[0m | Processed frame for session: 71be2516-3ca6-4bd2-9cac-ded36efcb682
2025-07-21 15:51:36 | web | [32mINFO[0m | Processed frame for session: 71be2516-3ca6-4bd2-9cac-ded36efcb682
2025-07-21 15:51:36 | web | [32mINFO[0m | Processed frame for session: 71be2516-3ca6-4bd2-9cac-ded36efcb682
2025-07-21 15:51:36 | web | [32mINFO[0m | Processed frame for session: 71be2516-3ca6-4bd2-9cac-ded36efcb682
2025-07-21 15:51:37 | web | [32mINFO[0m | Processed frame for session: 71be2516-3ca6-4bd2-9cac-ded36efcb682
2025-07-21 15:51:37 | web | [32mINFO[0m | Processed frame for session: 71be2516-3ca6-4bd2-9cac-ded36efcb682
2025-07-21 15:51:37 | web | [32mINFO[0m | Processed frame for session: 71be2516-3ca6-4bd2-9cac-ded36efcb682
2025-07-21 15:51:38 | web | [32mINFO[0m | Processed frame for session: 71be2516-3ca6-4bd2-9cac-ded36efcb682
2025-07-21 15:51:38 | web | [32mINFO[0m | Processed frame for session: 71be2516-3ca6-4bd2-9cac-ded36efcb682
2025-07-21 15:51:38 | web | [32mINFO[0m | Processed frame for session: 71be2516-3ca6-4bd2-9cac-ded36efcb682
2025-07-21 15:51:39 | web | [32mINFO[0m | Processed frame for session: 71be2516-3ca6-4bd2-9cac-ded36efcb682
2025-07-21 15:51:39 | web | [32mINFO[0m | Processed frame for session: 71be2516-3ca6-4bd2-9cac-ded36efcb682
2025-07-21 15:51:39 | web | [32mINFO[0m | Processed frame for session: 71be2516-3ca6-4bd2-9cac-ded36efcb682
2025-07-21 15:51:39 | web | [32mINFO[0m | Processed frame for session: 71be2516-3ca6-4bd2-9cac-ded36efcb682
2025-07-21 15:51:40 | web | [32mINFO[0m | Processed frame for session: 71be2516-3ca6-4bd2-9cac-ded36efcb682
2025-07-21 15:51:40 | web | [32mINFO[0m | Processed frame for session: 71be2516-3ca6-4bd2-9cac-ded36efcb682
2025-07-21 15:51:40 | web | [32mINFO[0m | Processed frame for session: 71be2516-3ca6-4bd2-9cac-ded36efcb682
2025-07-21 15:51:40 | web | [32mINFO[0m | Processed frame for session: 71be2516-3ca6-4bd2-9cac-ded36efcb682
2025-07-21 15:51:41 | web | [32mINFO[0m | Processed frame for session: 71be2516-3ca6-4bd2-9cac-ded36efcb682
2025-07-21 15:51:41 | web | [32mINFO[0m | Processed frame for session: 71be2516-3ca6-4bd2-9cac-ded36efcb682
2025-07-21 15:51:41 | web | [32mINFO[0m | Processed frame for session: 71be2516-3ca6-4bd2-9cac-ded36efcb682
2025-07-21 15:51:41 | web | [32mINFO[0m | Processed frame for session: 71be2516-3ca6-4bd2-9cac-ded36efcb682
2025-07-21 15:51:42 | web | [32mINFO[0m | Processed frame for session: 71be2516-3ca6-4bd2-9cac-ded36efcb682
2025-07-21 15:51:42 | web | [32mINFO[0m | Processed frame for session: 71be2516-3ca6-4bd2-9cac-ded36efcb682
2025-07-21 15:51:42 | web | [32mINFO[0m | Processed frame for session: 71be2516-3ca6-4bd2-9cac-ded36efcb682
2025-07-21 15:51:43 | web | [32mINFO[0m | Processed frame for session: 71be2516-3ca6-4bd2-9cac-ded36efcb682
2025-07-21 15:51:43 | web | [32mINFO[0m | Processed frame for session: 71be2516-3ca6-4bd2-9cac-ded36efcb682
2025-07-21 15:51:43 | web | [32mINFO[0m | Processed frame for session: 71be2516-3ca6-4bd2-9cac-ded36efcb682
2025-07-21 15:51:43 | web | [32mINFO[0m | Processed frame for session: 71be2516-3ca6-4bd2-9cac-ded36efcb682
2025-07-21 15:51:44 | web | [32mINFO[0m | Processed frame for session: 71be2516-3ca6-4bd2-9cac-ded36efcb682
2025-07-21 15:51:44 | web | [32mINFO[0m | Processed frame for session: 71be2516-3ca6-4bd2-9cac-ded36efcb682
2025-07-21 15:51:44 | web | [32mINFO[0m | Processed frame for session: 71be2516-3ca6-4bd2-9cac-ded36efcb682
2025-07-21 15:51:44 | web | [32mINFO[0m | Processed frame for session: 71be2516-3ca6-4bd2-9cac-ded36efcb682
2025-07-21 15:51:45 | web | [32mINFO[0m | Processed frame for session: 71be2516-3ca6-4bd2-9cac-ded36efcb682
2025-07-21 15:51:45 | web | [32mINFO[0m | Processed frame for session: 71be2516-3ca6-4bd2-9cac-ded36efcb682
2025-07-21 15:51:45 | web | [32mINFO[0m | Processed frame for session: 71be2516-3ca6-4bd2-9cac-ded36efcb682
2025-07-21 15:51:45 | web | [32mINFO[0m | Processed frame for session: 71be2516-3ca6-4bd2-9cac-ded36efcb682
2025-07-21 15:51:45 | web | [32mINFO[0m | Processed frame for session: 71be2516-3ca6-4bd2-9cac-ded36efcb682
2025-07-21 15:51:46 | web | [32mINFO[0m | Processed frame for session: 71be2516-3ca6-4bd2-9cac-ded36efcb682
2025-07-21 15:51:46 | web | [32mINFO[0m | Processed frame for session: 71be2516-3ca6-4bd2-9cac-ded36efcb682
2025-07-21 15:51:46 | web | [32mINFO[0m | Processed frame for session: 71be2516-3ca6-4bd2-9cac-ded36efcb682
2025-07-21 15:51:46 | web | [32mINFO[0m | Processed frame for session: 71be2516-3ca6-4bd2-9cac-ded36efcb682
2025-07-21 15:51:47 | web | [32mINFO[0m | Processed frame for session: 71be2516-3ca6-4bd2-9cac-ded36efcb682
2025-07-21 15:51:47 | web | [32mINFO[0m | Processed frame for session: 71be2516-3ca6-4bd2-9cac-ded36efcb682
2025-07-21 15:51:47 | web | [32mINFO[0m | Processed frame for session: 71be2516-3ca6-4bd2-9cac-ded36efcb682
2025-07-21 15:51:47 | web | [32mINFO[0m | Processed frame for session: 71be2516-3ca6-4bd2-9cac-ded36efcb682
2025-07-21 15:51:48 | web | [32mINFO[0m | Processed frame for session: 71be2516-3ca6-4bd2-9cac-ded36efcb682
2025-07-21 15:51:48 | web | [32mINFO[0m | Processed frame for session: 71be2516-3ca6-4bd2-9cac-ded36efcb682
2025-07-21 15:51:48 | web | [32mINFO[0m | Processed frame for session: 71be2516-3ca6-4bd2-9cac-ded36efcb682
2025-07-21 15:51:48 | web | [32mINFO[0m | Processed frame for session: 71be2516-3ca6-4bd2-9cac-ded36efcb682
2025-07-21 15:51:49 | web | [32mINFO[0m | Processed frame for session: 71be2516-3ca6-4bd2-9cac-ded36efcb682
2025-07-21 15:51:49 | web | [32mINFO[0m | Processed frame for session: 71be2516-3ca6-4bd2-9cac-ded36efcb682
2025-07-21 15:51:49 | web | [32mINFO[0m | Processed frame for session: 71be2516-3ca6-4bd2-9cac-ded36efcb682
2025-07-21 15:51:49 | web | [32mINFO[0m | Processed frame for session: 71be2516-3ca6-4bd2-9cac-ded36efcb682
2025-07-21 15:51:50 | web | [32mINFO[0m | Processed frame for session: 71be2516-3ca6-4bd2-9cac-ded36efcb682
2025-07-21 15:51:50 | web | [32mINFO[0m | Processed frame for session: 71be2516-3ca6-4bd2-9cac-ded36efcb682
2025-07-21 15:51:50 | web | [32mINFO[0m | Processed frame for session: 71be2516-3ca6-4bd2-9cac-ded36efcb682
2025-07-21 15:51:50 | web | [32mINFO[0m | Processed frame for session: 71be2516-3ca6-4bd2-9cac-ded36efcb682
2025-07-21 15:51:51 | web | [32mINFO[0m | Processed frame for session: 71be2516-3ca6-4bd2-9cac-ded36efcb682
2025-07-21 15:51:51 | web | [32mINFO[0m | Processed frame for session: 71be2516-3ca6-4bd2-9cac-ded36efcb682
2025-07-21 15:51:51 | web | [32mINFO[0m | Processed frame for session: 71be2516-3ca6-4bd2-9cac-ded36efcb682
2025-07-21 15:51:51 | web | [32mINFO[0m | Processed frame for session: 71be2516-3ca6-4bd2-9cac-ded36efcb682
2025-07-21 15:51:52 | web | [32mINFO[0m | Processed frame for session: 71be2516-3ca6-4bd2-9cac-ded36efcb682
2025-07-21 15:51:52 | web | [32mINFO[0m | Processed frame for session: 71be2516-3ca6-4bd2-9cac-ded36efcb682
2025-07-21 15:51:52 | web | [32mINFO[0m | Processed frame for session: 71be2516-3ca6-4bd2-9cac-ded36efcb682
2025-07-21 15:51:52 | web | [32mINFO[0m | Processed frame for session: 71be2516-3ca6-4bd2-9cac-ded36efcb682
2025-07-21 15:51:53 | web | [32mINFO[0m | Processed frame for session: 71be2516-3ca6-4bd2-9cac-ded36efcb682
2025-07-21 15:51:53 | web | [32mINFO[0m | Processed frame for session: 71be2516-3ca6-4bd2-9cac-ded36efcb682
2025-07-21 15:51:53 | web | [32mINFO[0m | Processed frame for session: 71be2516-3ca6-4bd2-9cac-ded36efcb682
2025-07-21 15:51:53 | web | [32mINFO[0m | Processed frame for session: 71be2516-3ca6-4bd2-9cac-ded36efcb682
2025-07-21 15:51:54 | web | [32mINFO[0m | Processed frame for session: 71be2516-3ca6-4bd2-9cac-ded36efcb682
2025-07-21 15:51:54 | web | [32mINFO[0m | Processed frame for session: 71be2516-3ca6-4bd2-9cac-ded36efcb682
2025-07-21 15:51:54 | web | [32mINFO[0m | Processed frame for session: 71be2516-3ca6-4bd2-9cac-ded36efcb682
2025-07-21 15:51:54 | web | [32mINFO[0m | Processed frame for session: 71be2516-3ca6-4bd2-9cac-ded36efcb682
2025-07-21 15:51:55 | web | [32mINFO[0m | Processed frame for session: 71be2516-3ca6-4bd2-9cac-ded36efcb682
2025-07-21 15:51:55 | web | [32mINFO[0m | Processed frame for session: 71be2516-3ca6-4bd2-9cac-ded36efcb682
2025-07-21 15:51:55 | web | [32mINFO[0m | Processed frame for session: 71be2516-3ca6-4bd2-9cac-ded36efcb682
2025-07-21 15:51:55 | web | [32mINFO[0m | Processed frame for session: 71be2516-3ca6-4bd2-9cac-ded36efcb682
2025-07-21 15:51:56 | web | [32mINFO[0m | Processed frame for session: 71be2516-3ca6-4bd2-9cac-ded36efcb682
2025-07-21 15:51:56 | web | [32mINFO[0m | Processed frame for session: 71be2516-3ca6-4bd2-9cac-ded36efcb682
2025-07-21 15:51:56 | web | [32mINFO[0m | Processed frame for session: 71be2516-3ca6-4bd2-9cac-ded36efcb682
2025-07-21 15:51:56 | web | [32mINFO[0m | Processed frame for session: 71be2516-3ca6-4bd2-9cac-ded36efcb682
2025-07-21 15:51:57 | web | [32mINFO[0m | Processed frame for session: 71be2516-3ca6-4bd2-9cac-ded36efcb682
2025-07-21 15:51:57 | web | [32mINFO[0m | Processed frame for session: 71be2516-3ca6-4bd2-9cac-ded36efcb682
2025-07-21 15:51:57 | web | [32mINFO[0m | Processed frame for session: 71be2516-3ca6-4bd2-9cac-ded36efcb682
2025-07-21 15:51:57 | web | [32mINFO[0m | Processed frame for session: 71be2516-3ca6-4bd2-9cac-ded36efcb682
2025-07-21 15:51:58 | web | [32mINFO[0m | Processed frame for session: 71be2516-3ca6-4bd2-9cac-ded36efcb682
2025-07-21 15:51:58 | web | [32mINFO[0m | Processed frame for session: 71be2516-3ca6-4bd2-9cac-ded36efcb682
2025-07-21 15:51:58 | web | [32mINFO[0m | Processed frame for session: 71be2516-3ca6-4bd2-9cac-ded36efcb682
2025-07-21 15:51:58 | web | [33mWARNING[0m | Failed login attempt for username: admin
2025-07-21 15:51:58 | web | [32mINFO[0m | Processed frame for session: 71be2516-3ca6-4bd2-9cac-ded36efcb682
2025-07-21 15:51:59 | web | [32mINFO[0m | Processed frame for session: 71be2516-3ca6-4bd2-9cac-ded36efcb682
2025-07-21 15:51:59 | web | [32mINFO[0m | Processed frame for session: 71be2516-3ca6-4bd2-9cac-ded36efcb682
2025-07-21 15:51:59 | web | [32mINFO[0m | Processed frame for session: 71be2516-3ca6-4bd2-9cac-ded36efcb682
2025-07-21 15:51:59 | web | [32mINFO[0m | Processed frame for session: 71be2516-3ca6-4bd2-9cac-ded36efcb682
2025-07-21 15:52:00 | web | [32mINFO[0m | Processed frame for session: 71be2516-3ca6-4bd2-9cac-ded36efcb682
2025-07-21 15:52:00 | web | [32mINFO[0m | Processed frame for session: 71be2516-3ca6-4bd2-9cac-ded36efcb682
2025-07-21 15:52:00 | web | [32mINFO[0m | Processed frame for session: 71be2516-3ca6-4bd2-9cac-ded36efcb682
2025-07-21 15:52:00 | web | [32mINFO[0m | Processed frame for session: 71be2516-3ca6-4bd2-9cac-ded36efcb682
2025-07-21 15:52:00 | web | [32mINFO[0m | Processed frame for session: 71be2516-3ca6-4bd2-9cac-ded36efcb682
2025-07-21 15:52:01 | web | [32mINFO[0m | Processed frame for session: 71be2516-3ca6-4bd2-9cac-ded36efcb682
2025-07-21 15:52:01 | web | [32mINFO[0m | Processed frame for session: 71be2516-3ca6-4bd2-9cac-ded36efcb682
2025-07-21 15:52:01 | web | [32mINFO[0m | Processed frame for session: 71be2516-3ca6-4bd2-9cac-ded36efcb682
2025-07-21 15:52:01 | web | [32mINFO[0m | Processed frame for session: 71be2516-3ca6-4bd2-9cac-ded36efcb682
2025-07-21 15:52:02 | web | [32mINFO[0m | Processed frame for session: 71be2516-3ca6-4bd2-9cac-ded36efcb682
2025-07-21 15:52:02 | web | [32mINFO[0m | Processed frame for session: 71be2516-3ca6-4bd2-9cac-ded36efcb682
2025-07-21 15:52:02 | web | [32mINFO[0m | Processed frame for session: 71be2516-3ca6-4bd2-9cac-ded36efcb682
2025-07-21 15:52:02 | web | [32mINFO[0m | Processed frame for session: 71be2516-3ca6-4bd2-9cac-ded36efcb682
2025-07-21 15:52:03 | web | [32mINFO[0m | Processed frame for session: 71be2516-3ca6-4bd2-9cac-ded36efcb682
2025-07-21 15:52:03 | web | [32mINFO[0m | Processed frame for session: 71be2516-3ca6-4bd2-9cac-ded36efcb682
2025-07-21 15:52:03 | web | [32mINFO[0m | Processed frame for session: 71be2516-3ca6-4bd2-9cac-ded36efcb682
2025-07-21 15:52:03 | web | [32mINFO[0m | Processed frame for session: 71be2516-3ca6-4bd2-9cac-ded36efcb682
2025-07-21 15:52:04 | web | [32mINFO[0m | Processed frame for session: 71be2516-3ca6-4bd2-9cac-ded36efcb682
2025-07-21 15:52:04 | web | [32mINFO[0m | Processed frame for session: 71be2516-3ca6-4bd2-9cac-ded36efcb682
2025-07-21 15:52:04 | web | [32mINFO[0m | Processed frame for session: 71be2516-3ca6-4bd2-9cac-ded36efcb682
2025-07-21 15:52:04 | web | [32mINFO[0m | Processed frame for session: 71be2516-3ca6-4bd2-9cac-ded36efcb682
2025-07-21 15:52:05 | web | [32mINFO[0m | Processed frame for session: 71be2516-3ca6-4bd2-9cac-ded36efcb682
2025-07-21 15:52:05 | web | [32mINFO[0m | Processed frame for session: 71be2516-3ca6-4bd2-9cac-ded36efcb682
2025-07-21 15:52:05 | web | [32mINFO[0m | Processed frame for session: 71be2516-3ca6-4bd2-9cac-ded36efcb682
2025-07-21 15:52:05 | web | [32mINFO[0m | Processed frame for session: 71be2516-3ca6-4bd2-9cac-ded36efcb682
2025-07-21 15:52:06 | web | [32mINFO[0m | Processed frame for session: 71be2516-3ca6-4bd2-9cac-ded36efcb682
2025-07-21 15:52:06 | web | [32mINFO[0m | Processed frame for session: 71be2516-3ca6-4bd2-9cac-ded36efcb682
2025-07-21 15:52:06 | web | [32mINFO[0m | Processed frame for session: 71be2516-3ca6-4bd2-9cac-ded36efcb682
2025-07-21 15:52:06 | web | [32mINFO[0m | Processed frame for session: 71be2516-3ca6-4bd2-9cac-ded36efcb682
2025-07-21 15:52:06 | web | [33mWARNING[0m | Failed login attempt for username: aadmin
2025-07-21 15:52:08 | web | [32mINFO[0m | Processed frame for session: 71be2516-3ca6-4bd2-9cac-ded36efcb682
2025-07-21 15:52:08 | web | [32mINFO[0m | Processed frame for session: 71be2516-3ca6-4bd2-9cac-ded36efcb682
2025-07-21 15:52:08 | web | [32mINFO[0m | Processed frame for session: 71be2516-3ca6-4bd2-9cac-ded36efcb682
2025-07-21 15:52:09 | web | [32mINFO[0m | Processed frame for session: 71be2516-3ca6-4bd2-9cac-ded36efcb682
2025-07-21 15:52:09 | web | [32mINFO[0m | Processed frame for session: 71be2516-3ca6-4bd2-9cac-ded36efcb682
2025-07-21 15:52:09 | web | [32mINFO[0m | Processed frame for session: 71be2516-3ca6-4bd2-9cac-ded36efcb682
2025-07-21 15:52:09 | web | [32mINFO[0m | Processed frame for session: 71be2516-3ca6-4bd2-9cac-ded36efcb682
2025-07-21 15:52:10 | web | [32mINFO[0m | Processed frame for session: 71be2516-3ca6-4bd2-9cac-ded36efcb682
2025-07-21 15:52:10 | web | [32mINFO[0m | Processed frame for session: 71be2516-3ca6-4bd2-9cac-ded36efcb682
2025-07-21 15:52:10 | web | [32mINFO[0m | Processed frame for session: 71be2516-3ca6-4bd2-9cac-ded36efcb682
2025-07-21 15:52:10 | web | [32mINFO[0m | Processed frame for session: 71be2516-3ca6-4bd2-9cac-ded36efcb682
2025-07-21 15:52:11 | web | [32mINFO[0m | Processed frame for session: 71be2516-3ca6-4bd2-9cac-ded36efcb682
2025-07-21 15:52:11 | web | [32mINFO[0m | Processed frame for session: 71be2516-3ca6-4bd2-9cac-ded36efcb682
2025-07-21 15:52:11 | web | [32mINFO[0m | Processed frame for session: 71be2516-3ca6-4bd2-9cac-ded36efcb682
2025-07-21 15:52:11 | web | [32mINFO[0m | Processed frame for session: 71be2516-3ca6-4bd2-9cac-ded36efcb682
2025-07-21 15:52:12 | web | [32mINFO[0m | Processed frame for session: 71be2516-3ca6-4bd2-9cac-ded36efcb682
2025-07-21 15:52:12 | web | [32mINFO[0m | Processed frame for session: 71be2516-3ca6-4bd2-9cac-ded36efcb682
2025-07-21 15:52:12 | web | [32mINFO[0m | Processed frame for session: 71be2516-3ca6-4bd2-9cac-ded36efcb682
2025-07-21 15:52:12 | web | [32mINFO[0m | Processed frame for session: 71be2516-3ca6-4bd2-9cac-ded36efcb682
2025-07-21 15:52:13 | web | [32mINFO[0m | Processed frame for session: 71be2516-3ca6-4bd2-9cac-ded36efcb682
2025-07-21 15:52:13 | web | [32mINFO[0m | Processed frame for session: 71be2516-3ca6-4bd2-9cac-ded36efcb682
2025-07-21 15:52:13 | web | [32mINFO[0m | Processed frame for session: 71be2516-3ca6-4bd2-9cac-ded36efcb682
2025-07-21 15:52:13 | web | [32mINFO[0m | Processed frame for session: 71be2516-3ca6-4bd2-9cac-ded36efcb682
2025-07-21 15:52:14 | web | [32mINFO[0m | Processed frame for session: 71be2516-3ca6-4bd2-9cac-ded36efcb682
2025-07-21 15:52:14 | web | [32mINFO[0m | Processed frame for session: 71be2516-3ca6-4bd2-9cac-ded36efcb682
2025-07-21 15:52:14 | web | [32mINFO[0m | Processed frame for session: 71be2516-3ca6-4bd2-9cac-ded36efcb682
2025-07-21 15:52:14 | web | [32mINFO[0m | Processed frame for session: 71be2516-3ca6-4bd2-9cac-ded36efcb682
2025-07-21 15:52:14 | web | [32mINFO[0m | Processed frame for session: 71be2516-3ca6-4bd2-9cac-ded36efcb682
2025-07-21 15:52:15 | web | [32mINFO[0m | Processed frame for session: 71be2516-3ca6-4bd2-9cac-ded36efcb682
2025-07-21 15:52:15 | web | [32mINFO[0m | Processed frame for session: 71be2516-3ca6-4bd2-9cac-ded36efcb682
2025-07-21 15:52:15 | web | [32mINFO[0m | Processed frame for session: 71be2516-3ca6-4bd2-9cac-ded36efcb682
2025-07-21 15:52:15 | web | [32mINFO[0m | Processed frame for session: 71be2516-3ca6-4bd2-9cac-ded36efcb682
2025-07-21 15:52:16 | web | [32mINFO[0m | Processed frame for session: 71be2516-3ca6-4bd2-9cac-ded36efcb682
2025-07-21 15:52:16 | web | [32mINFO[0m | Processed frame for session: 71be2516-3ca6-4bd2-9cac-ded36efcb682
2025-07-21 15:52:16 | web | [32mINFO[0m | Processed frame for session: 71be2516-3ca6-4bd2-9cac-ded36efcb682
2025-07-21 15:52:16 | web | [32mINFO[0m | Processed frame for session: 71be2516-3ca6-4bd2-9cac-ded36efcb682
2025-07-21 15:52:17 | web | [32mINFO[0m | Processed frame for session: 71be2516-3ca6-4bd2-9cac-ded36efcb682
2025-07-21 15:52:17 | web | [32mINFO[0m | Processed frame for session: 71be2516-3ca6-4bd2-9cac-ded36efcb682
2025-07-21 15:52:17 | web | [32mINFO[0m | Processed frame for session: 71be2516-3ca6-4bd2-9cac-ded36efcb682
2025-07-21 15:52:17 | web | [32mINFO[0m | Processed frame for session: 71be2516-3ca6-4bd2-9cac-ded36efcb682
2025-07-21 15:52:18 | web | [32mINFO[0m | Processed frame for session: 71be2516-3ca6-4bd2-9cac-ded36efcb682
2025-07-21 15:52:18 | web | [32mINFO[0m | Processed frame for session: 71be2516-3ca6-4bd2-9cac-ded36efcb682
2025-07-21 15:52:18 | web | [32mINFO[0m | Processed frame for session: 71be2516-3ca6-4bd2-9cac-ded36efcb682
2025-07-21 15:52:18 | web | [32mINFO[0m | Processed frame for session: 71be2516-3ca6-4bd2-9cac-ded36efcb682
2025-07-21 15:52:19 | web | [32mINFO[0m | Processed frame for session: 71be2516-3ca6-4bd2-9cac-ded36efcb682
2025-07-21 15:52:19 | web | [32mINFO[0m | Processed frame for session: 71be2516-3ca6-4bd2-9cac-ded36efcb682
2025-07-21 15:52:19 | web | [32mINFO[0m | Processed frame for session: 71be2516-3ca6-4bd2-9cac-ded36efcb682
2025-07-21 15:52:19 | web | [32mINFO[0m | Processed frame for session: 71be2516-3ca6-4bd2-9cac-ded36efcb682
2025-07-21 15:52:20 | web | [32mINFO[0m | Processed frame for session: 71be2516-3ca6-4bd2-9cac-ded36efcb682
2025-07-21 15:52:20 | web | [32mINFO[0m | Processed frame for session: 71be2516-3ca6-4bd2-9cac-ded36efcb682
2025-07-21 15:52:20 | web | [32mINFO[0m | Processed frame for session: 71be2516-3ca6-4bd2-9cac-ded36efcb682
2025-07-21 15:52:21 | web | [32mINFO[0m | Processed frame for session: 71be2516-3ca6-4bd2-9cac-ded36efcb682
2025-07-21 15:52:21 | web | [32mINFO[0m | Processed frame for session: 71be2516-3ca6-4bd2-9cac-ded36efcb682
2025-07-21 15:52:21 | web | [32mINFO[0m | Processed frame for session: 71be2516-3ca6-4bd2-9cac-ded36efcb682
2025-07-21 15:52:21 | web | [32mINFO[0m | Processed frame for session: 71be2516-3ca6-4bd2-9cac-ded36efcb682
2025-07-21 15:52:22 | web | [32mINFO[0m | Processed frame for session: 71be2516-3ca6-4bd2-9cac-ded36efcb682
2025-07-21 15:52:22 | web | [32mINFO[0m | Processed frame for session: 71be2516-3ca6-4bd2-9cac-ded36efcb682
2025-07-21 15:52:22 | web | [32mINFO[0m | Processed frame for session: 71be2516-3ca6-4bd2-9cac-ded36efcb682
2025-07-21 15:52:23 | web | [32mINFO[0m | Processed frame for session: 71be2516-3ca6-4bd2-9cac-ded36efcb682
2025-07-21 15:52:23 | web | [32mINFO[0m | Processed frame for session: 71be2516-3ca6-4bd2-9cac-ded36efcb682
2025-07-21 15:52:23 | web | [32mINFO[0m | Processed frame for session: 71be2516-3ca6-4bd2-9cac-ded36efcb682
2025-07-21 15:52:23 | web | [32mINFO[0m | Processed frame for session: 71be2516-3ca6-4bd2-9cac-ded36efcb682
2025-07-21 15:52:24 | web | [32mINFO[0m | Processed frame for session: 71be2516-3ca6-4bd2-9cac-ded36efcb682
2025-07-21 15:52:24 | web | [32mINFO[0m | Processed frame for session: 71be2516-3ca6-4bd2-9cac-ded36efcb682
2025-07-21 15:52:24 | web | [32mINFO[0m | Processed frame for session: 71be2516-3ca6-4bd2-9cac-ded36efcb682
2025-07-21 15:52:24 | web | [32mINFO[0m | Processed frame for session: 71be2516-3ca6-4bd2-9cac-ded36efcb682
2025-07-21 15:52:25 | web | [32mINFO[0m | Processed frame for session: 71be2516-3ca6-4bd2-9cac-ded36efcb682
2025-07-21 15:52:25 | web | [32mINFO[0m | Processed frame for session: 71be2516-3ca6-4bd2-9cac-ded36efcb682
2025-07-21 15:52:25 | web | [32mINFO[0m | Processed frame for session: 71be2516-3ca6-4bd2-9cac-ded36efcb682
2025-07-21 15:52:26 | web | [32mINFO[0m | Processed frame for session: 71be2516-3ca6-4bd2-9cac-ded36efcb682
2025-07-21 15:52:26 | web | [32mINFO[0m | Processed frame for session: 71be2516-3ca6-4bd2-9cac-ded36efcb682
2025-07-21 15:52:26 | web | [32mINFO[0m | Processed frame for session: 71be2516-3ca6-4bd2-9cac-ded36efcb682
2025-07-21 15:52:27 | web | [32mINFO[0m | Processed frame for session: 71be2516-3ca6-4bd2-9cac-ded36efcb682
2025-07-21 15:52:27 | web | [32mINFO[0m | Processed frame for session: 71be2516-3ca6-4bd2-9cac-ded36efcb682
2025-07-21 15:52:27 | web | [32mINFO[0m | Processed frame for session: 71be2516-3ca6-4bd2-9cac-ded36efcb682
2025-07-21 15:52:27 | web | [32mINFO[0m | Processed frame for session: 71be2516-3ca6-4bd2-9cac-ded36efcb682
2025-07-21 15:52:27 | web | [32mINFO[0m | Processed frame for session: 71be2516-3ca6-4bd2-9cac-ded36efcb682
2025-07-21 15:52:28 | web | [32mINFO[0m | Processed frame for session: 71be2516-3ca6-4bd2-9cac-ded36efcb682
2025-07-21 15:52:28 | web | [32mINFO[0m | Processed frame for session: 71be2516-3ca6-4bd2-9cac-ded36efcb682
2025-07-21 15:52:28 | web | [32mINFO[0m | Processed frame for session: 71be2516-3ca6-4bd2-9cac-ded36efcb682
2025-07-21 15:52:28 | web | [32mINFO[0m | Processed frame for session: 71be2516-3ca6-4bd2-9cac-ded36efcb682
2025-07-21 15:52:29 | web | [32mINFO[0m | Processed frame for session: 71be2516-3ca6-4bd2-9cac-ded36efcb682
2025-07-21 15:52:29 | web | [32mINFO[0m | Processed frame for session: 71be2516-3ca6-4bd2-9cac-ded36efcb682
2025-07-21 15:52:29 | web | [32mINFO[0m | Processed frame for session: 71be2516-3ca6-4bd2-9cac-ded36efcb682
2025-07-21 15:52:29 | web | [32mINFO[0m | Processed frame for session: 71be2516-3ca6-4bd2-9cac-ded36efcb682
2025-07-21 15:52:30 | web | [32mINFO[0m | Processed frame for session: 71be2516-3ca6-4bd2-9cac-ded36efcb682
2025-07-21 15:52:30 | web | [32mINFO[0m | Processed frame for session: 71be2516-3ca6-4bd2-9cac-ded36efcb682
2025-07-21 15:52:30 | web | [32mINFO[0m | Processed frame for session: 71be2516-3ca6-4bd2-9cac-ded36efcb682
2025-07-21 15:52:30 | web | [32mINFO[0m | Processed frame for session: 71be2516-3ca6-4bd2-9cac-ded36efcb682
2025-07-21 15:52:31 | web | [32mINFO[0m | Processed frame for session: 71be2516-3ca6-4bd2-9cac-ded36efcb682
2025-07-21 15:52:31 | web | [32mINFO[0m | Processed frame for session: 71be2516-3ca6-4bd2-9cac-ded36efcb682
2025-07-21 15:52:31 | web | [32mINFO[0m | Processed frame for session: 71be2516-3ca6-4bd2-9cac-ded36efcb682
2025-07-21 15:52:31 | web | [32mINFO[0m | Processed frame for session: 71be2516-3ca6-4bd2-9cac-ded36efcb682
2025-07-21 15:52:32 | web | [32mINFO[0m | Processed frame for session: 71be2516-3ca6-4bd2-9cac-ded36efcb682
2025-07-21 15:52:32 | web | [32mINFO[0m | Processed frame for session: 71be2516-3ca6-4bd2-9cac-ded36efcb682
2025-07-21 15:52:32 | web | [32mINFO[0m | Processed frame for session: 71be2516-3ca6-4bd2-9cac-ded36efcb682
2025-07-21 15:52:32 | web | [32mINFO[0m | Processed frame for session: 71be2516-3ca6-4bd2-9cac-ded36efcb682
2025-07-21 15:52:33 | web | [32mINFO[0m | Processed frame for session: 71be2516-3ca6-4bd2-9cac-ded36efcb682
2025-07-21 15:52:33 | web | [32mINFO[0m | Processed frame for session: 71be2516-3ca6-4bd2-9cac-ded36efcb682
2025-07-21 15:52:33 | web | [32mINFO[0m | Processed frame for session: 71be2516-3ca6-4bd2-9cac-ded36efcb682
2025-07-21 15:52:33 | web | [32mINFO[0m | Processed frame for session: 71be2516-3ca6-4bd2-9cac-ded36efcb682
2025-07-21 15:52:34 | web | [32mINFO[0m | Processed frame for session: 71be2516-3ca6-4bd2-9cac-ded36efcb682
2025-07-21 15:52:34 | web | [32mINFO[0m | Processed frame for session: 71be2516-3ca6-4bd2-9cac-ded36efcb682
2025-07-21 15:52:34 | web | [32mINFO[0m | Processed frame for session: 71be2516-3ca6-4bd2-9cac-ded36efcb682
2025-07-21 15:52:34 | web | [32mINFO[0m | Processed frame for session: 71be2516-3ca6-4bd2-9cac-ded36efcb682
2025-07-21 15:52:35 | web | [32mINFO[0m | Processed frame for session: 71be2516-3ca6-4bd2-9cac-ded36efcb682
2025-07-21 15:52:35 | web | [32mINFO[0m | Processed frame for session: 71be2516-3ca6-4bd2-9cac-ded36efcb682
2025-07-21 15:52:35 | web | [32mINFO[0m | Processed frame for session: 71be2516-3ca6-4bd2-9cac-ded36efcb682
2025-07-21 15:52:35 | web | [32mINFO[0m | Processed frame for session: 71be2516-3ca6-4bd2-9cac-ded36efcb682
2025-07-21 15:52:36 | web | [32mINFO[0m | Processed frame for session: 71be2516-3ca6-4bd2-9cac-ded36efcb682
2025-07-21 15:52:36 | web | [32mINFO[0m | Processed frame for session: 71be2516-3ca6-4bd2-9cac-ded36efcb682
2025-07-21 15:52:36 | web | [32mINFO[0m | Processed frame for session: 71be2516-3ca6-4bd2-9cac-ded36efcb682
2025-07-21 15:52:36 | web | [32mINFO[0m | Processed frame for session: 71be2516-3ca6-4bd2-9cac-ded36efcb682
2025-07-21 15:52:37 | web | [32mINFO[0m | Processed frame for session: 71be2516-3ca6-4bd2-9cac-ded36efcb682
2025-07-21 15:52:37 | web | [32mINFO[0m | Processed frame for session: 71be2516-3ca6-4bd2-9cac-ded36efcb682
2025-07-21 15:52:37 | web | [32mINFO[0m | Processed frame for session: 71be2516-3ca6-4bd2-9cac-ded36efcb682
2025-07-21 15:52:37 | web | [32mINFO[0m | Processed frame for session: 71be2516-3ca6-4bd2-9cac-ded36efcb682
2025-07-21 15:52:38 | web | [32mINFO[0m | Processed frame for session: 71be2516-3ca6-4bd2-9cac-ded36efcb682
2025-07-21 15:52:38 | web | [32mINFO[0m | Processed frame for session: 71be2516-3ca6-4bd2-9cac-ded36efcb682
2025-07-21 15:52:38 | web | [32mINFO[0m | Processed frame for session: 71be2516-3ca6-4bd2-9cac-ded36efcb682
2025-07-21 15:52:38 | web | [32mINFO[0m | Processed frame for session: 71be2516-3ca6-4bd2-9cac-ded36efcb682
2025-07-21 15:52:39 | web | [32mINFO[0m | Processed frame for session: 71be2516-3ca6-4bd2-9cac-ded36efcb682
2025-07-21 15:52:39 | web | [32mINFO[0m | Processed frame for session: 71be2516-3ca6-4bd2-9cac-ded36efcb682
2025-07-21 15:52:39 | web | [32mINFO[0m | Processed frame for session: 71be2516-3ca6-4bd2-9cac-ded36efcb682
2025-07-21 15:52:39 | web | [32mINFO[0m | Processed frame for session: 71be2516-3ca6-4bd2-9cac-ded36efcb682
2025-07-21 15:52:40 | web | [32mINFO[0m | Processed frame for session: 71be2516-3ca6-4bd2-9cac-ded36efcb682
2025-07-21 15:52:40 | web | [32mINFO[0m | Processed frame for session: 71be2516-3ca6-4bd2-9cac-ded36efcb682
2025-07-21 15:52:40 | web | [32mINFO[0m | Processed frame for session: 71be2516-3ca6-4bd2-9cac-ded36efcb682
2025-07-21 15:52:40 | web | [32mINFO[0m | Processed frame for session: 71be2516-3ca6-4bd2-9cac-ded36efcb682
2025-07-21 15:52:40 | web | [32mINFO[0m | Processed frame for session: 71be2516-3ca6-4bd2-9cac-ded36efcb682
2025-07-21 15:52:41 | web | [32mINFO[0m | Processed frame for session: 71be2516-3ca6-4bd2-9cac-ded36efcb682
2025-07-21 15:52:41 | web | [32mINFO[0m | Processed frame for session: 71be2516-3ca6-4bd2-9cac-ded36efcb682
2025-07-21 15:52:41 | web | [32mINFO[0m | Processed frame for session: 71be2516-3ca6-4bd2-9cac-ded36efcb682
2025-07-21 15:52:41 | web | [32mINFO[0m | Processed frame for session: 71be2516-3ca6-4bd2-9cac-ded36efcb682
2025-07-21 15:52:42 | web | [32mINFO[0m | Processed frame for session: 71be2516-3ca6-4bd2-9cac-ded36efcb682
2025-07-21 15:52:42 | web | [32mINFO[0m | Processed frame for session: 71be2516-3ca6-4bd2-9cac-ded36efcb682
2025-07-21 15:52:42 | web | [32mINFO[0m | Processed frame for session: 71be2516-3ca6-4bd2-9cac-ded36efcb682
2025-07-21 15:52:42 | web | [32mINFO[0m | Processed frame for session: 71be2516-3ca6-4bd2-9cac-ded36efcb682
2025-07-21 15:52:43 | web | [32mINFO[0m | Processed frame for session: 71be2516-3ca6-4bd2-9cac-ded36efcb682
2025-07-21 15:52:45 | web | [32mINFO[0m | Client disconnected: y3K35MJnnxpo0jURAAAB
2025-07-21 15:52:45 | web | [32mINFO[0m | Client connected: OmOuFtktVkXocZHZAAAD
2025-07-21 15:52:46 | web | [32mINFO[0m | Client disconnected: OmOuFtktVkXocZHZAAAD
