2025-07-21 17:13:32 | src.utils.logger | [32mINFO[0m | Logging system initialized
2025-07-21 17:13:32 | src.utils.logger | DEBUG | Log level: INFO
2025-07-21 17:13:32 | src.utils.logger | DEBUG | Log file: logs\app_20250721_171332.log
2025-07-21 17:13:32 | __main__ | [32mINFO[0m | ============================================================
2025-07-21 17:13:32 | __main__ | [32mINFO[0m | FACE ANTI-SPOOFING ATTENDANCE SYSTEM
2025-07-21 17:13:32 | __main__ | [32mINFO[0m | ============================================================
2025-07-21 17:13:32 | __main__ | [32mINFO[0m | Mode: web
2025-07-21 17:13:32 | __main__ | [32mINFO[0m | Config: config/default.json
2025-07-21 17:13:32 | __main__ | [32mINFO[0m | Debug: False
2025-07-21 17:13:32 | src.utils.config | [33mWARNING[0m | Failed to load config from D:\Codingan\skripsi\dari nol\config\default.json: DataConfig.__init__() got an unexpected keyword argument 'dataset_path'
2025-07-21 17:13:32 | src.utils.config | [32mINFO[0m | Using default configuration
2025-07-21 17:13:32 | src.core.app_launcher | [32mINFO[0m | [OK] Application launcher initialized
2025-07-21 17:13:32 | src.core.app_launcher | [32mINFO[0m | [START] Starting web application...
2025-07-21 17:13:33 | src.core.app_launcher | [32mINFO[0m | Press Ctrl+C to stop the server
2025-07-21 17:13:39 | web | [32mINFO[0m | Client connected to landmark detection
2025-07-21 17:15:38 | web | [32mINFO[0m | Client connected to landmark detection
2025-07-21 17:15:40 | web | [32mINFO[0m | Processed frame for session: None
2025-07-21 17:15:40 | web | [32mINFO[0m | Processed frame for session: None
2025-07-21 17:15:40 | web | [32mINFO[0m | Processed frame for session: None
2025-07-21 17:15:40 | web | [32mINFO[0m | Processed frame for session: None
2025-07-21 17:15:40 | web | [32mINFO[0m | Processed frame for session: None
2025-07-21 17:15:40 | web | [32mINFO[0m | Processed frame for session: None
2025-07-21 17:15:40 | web | [32mINFO[0m | Processed frame for session: None
2025-07-21 17:15:40 | web | [32mINFO[0m | Processed frame for session: None
2025-07-21 17:15:40 | web | [32mINFO[0m | Processed frame for session: None
2025-07-21 17:15:40 | web | [32mINFO[0m | Processed frame for session: None
2025-07-21 17:15:40 | web | [32mINFO[0m | Processed frame for session: None
2025-07-21 17:15:40 | web | [32mINFO[0m | Processed frame for session: None
2025-07-21 17:15:40 | web | [32mINFO[0m | Processed frame for session: None
2025-07-21 17:15:40 | web | [32mINFO[0m | Processed frame for session: None
2025-07-21 17:15:40 | web | [32mINFO[0m | Processed frame for session: None
2025-07-21 17:15:40 | web | [32mINFO[0m | Processed frame for session: None
2025-07-21 17:15:40 | web | [32mINFO[0m | Processed frame for session: None
2025-07-21 17:15:41 | web | [32mINFO[0m | Processed frame for session: None
2025-07-21 17:15:41 | web | [32mINFO[0m | Processed frame for session: None
2025-07-21 17:15:41 | web | [32mINFO[0m | Processed frame for session: None
2025-07-21 17:15:41 | web | [32mINFO[0m | Processed frame for session: None
2025-07-21 17:15:41 | web | [32mINFO[0m | Processed frame for session: None
2025-07-21 17:15:41 | web | [32mINFO[0m | Processed frame for session: None
2025-07-21 17:15:41 | web | [32mINFO[0m | Processed frame for session: None
2025-07-21 17:15:42 | web | [32mINFO[0m | Processed frame for session: None
2025-07-21 17:15:42 | web | [32mINFO[0m | Processed frame for session: None
2025-07-21 17:15:42 | web | [32mINFO[0m | Processed frame for session: None
2025-07-21 17:15:42 | web | [32mINFO[0m | Processed frame for session: None
2025-07-21 17:15:42 | web | [32mINFO[0m | Processed frame for session: None
2025-07-21 17:15:42 | web | [32mINFO[0m | Processed frame for session: None
2025-07-21 17:15:43 | web | [32mINFO[0m | Processed frame for session: None
2025-07-21 17:15:43 | web | [32mINFO[0m | Processed frame for session: None
2025-07-21 17:15:43 | web | [32mINFO[0m | Processed frame for session: None
2025-07-21 17:15:43 | web | [32mINFO[0m | Processed frame for session: None
2025-07-21 17:15:43 | web | [32mINFO[0m | Processed frame for session: None
2025-07-21 17:15:43 | web | [32mINFO[0m | Processed frame for session: None
2025-07-21 17:15:44 | web | [32mINFO[0m | Processed frame for session: None
2025-07-21 17:15:44 | web | [32mINFO[0m | Processed frame for session: None
2025-07-21 17:15:44 | web | [32mINFO[0m | Processed frame for session: None
2025-07-21 17:15:44 | web | [32mINFO[0m | Processed frame for session: None
2025-07-21 17:15:44 | web | [32mINFO[0m | Processed frame for session: None
2025-07-21 17:15:45 | web | [32mINFO[0m | Processed frame for session: None
2025-07-21 17:15:45 | web | [32mINFO[0m | Processed frame for session: None
2025-07-21 17:15:45 | web | [32mINFO[0m | Processed frame for session: None
2025-07-21 17:15:45 | web | [32mINFO[0m | Processed frame for session: None
2025-07-21 17:15:45 | web | [32mINFO[0m | Processed frame for session: None
2025-07-21 17:15:45 | web | [32mINFO[0m | Processed frame for session: None
2025-07-21 17:15:46 | web | [32mINFO[0m | Processed frame for session: None
2025-07-21 17:15:46 | web | [32mINFO[0m | Processed frame for session: None
2025-07-21 17:15:46 | web | [32mINFO[0m | Processed frame for session: None
2025-07-21 17:15:46 | web | [32mINFO[0m | Processed frame for session: None
2025-07-21 17:15:46 | web | [32mINFO[0m | Processed frame for session: None
2025-07-21 17:15:46 | web | [32mINFO[0m | Processed frame for session: None
2025-07-21 17:15:47 | web | [32mINFO[0m | Processed frame for session: None
2025-07-21 17:15:47 | web | [32mINFO[0m | Processed frame for session: None
2025-07-21 17:15:47 | web | [32mINFO[0m | Processed frame for session: None
2025-07-21 17:15:47 | web | [32mINFO[0m | Processed frame for session: None
2025-07-21 17:15:47 | web | [32mINFO[0m | Processed frame for session: None
2025-07-21 17:15:47 | web | [32mINFO[0m | Processed frame for session: None
2025-07-21 17:15:47 | web | [32mINFO[0m | Processed frame for session: None
2025-07-21 17:15:48 | web | [32mINFO[0m | Processed frame for session: None
2025-07-21 17:15:48 | web | [32mINFO[0m | Processed frame for session: None
2025-07-21 17:15:48 | web | [32mINFO[0m | Processed frame for session: None
2025-07-21 17:15:48 | web | [32mINFO[0m | Processed frame for session: None
2025-07-21 17:15:48 | web | [32mINFO[0m | Processed frame for session: None
2025-07-21 17:15:48 | web | [32mINFO[0m | Processed frame for session: None
2025-07-21 17:15:48 | web | [32mINFO[0m | Processed frame for session: None
2025-07-21 17:15:49 | web | [32mINFO[0m | Processed frame for session: None
2025-07-21 17:15:49 | web | [32mINFO[0m | Processed frame for session: None
2025-07-21 17:15:49 | web | [32mINFO[0m | Processed frame for session: None
2025-07-21 17:15:49 | web | [32mINFO[0m | Processed frame for session: None
2025-07-21 17:15:49 | web | [32mINFO[0m | Processed frame for session: None
2025-07-21 17:15:50 | web | [32mINFO[0m | Processed frame for session: None
2025-07-21 17:15:50 | web | [32mINFO[0m | Processed frame for session: None
2025-07-21 17:15:50 | web | [32mINFO[0m | Processed frame for session: None
2025-07-21 17:15:50 | web | [32mINFO[0m | Processed frame for session: None
2025-07-21 17:15:50 | web | [32mINFO[0m | Processed frame for session: None
2025-07-21 17:15:51 | web | [32mINFO[0m | Processed frame for session: None
2025-07-21 17:15:51 | web | [32mINFO[0m | Processed frame for session: None
2025-07-21 17:15:51 | web | [32mINFO[0m | Processed frame for session: None
2025-07-21 17:15:51 | web | [32mINFO[0m | Processed frame for session: None
2025-07-21 17:15:51 | web | [32mINFO[0m | Processed frame for session: None
2025-07-21 17:15:51 | web | [32mINFO[0m | Processed frame for session: None
2025-07-21 17:15:52 | web | [32mINFO[0m | Processed frame for session: None
2025-07-21 17:15:52 | web | [32mINFO[0m | Processed frame for session: None
2025-07-21 17:15:52 | web | [32mINFO[0m | Processed frame for session: None
2025-07-21 17:15:52 | web | [32mINFO[0m | Processed frame for session: None
2025-07-21 17:15:52 | web | [32mINFO[0m | Processed frame for session: None
2025-07-21 17:15:52 | web | [32mINFO[0m | Processed frame for session: None
2025-07-21 17:15:53 | web | [32mINFO[0m | Processed frame for session: None
2025-07-21 17:15:53 | web | [32mINFO[0m | Processed frame for session: None
2025-07-21 17:15:53 | web | [32mINFO[0m | Processed frame for session: None
2025-07-21 17:15:53 | web | [32mINFO[0m | Processed frame for session: None
2025-07-21 17:15:53 | web | [32mINFO[0m | Processed frame for session: None
2025-07-21 17:15:53 | web | [32mINFO[0m | Processed frame for session: None
2025-07-21 17:15:54 | web | [32mINFO[0m | Processed frame for session: None
2025-07-21 17:15:54 | web | [32mINFO[0m | Processed frame for session: None
2025-07-21 17:15:54 | web | [32mINFO[0m | Processed frame for session: None
2025-07-21 17:15:54 | web | [32mINFO[0m | Processed frame for session: None
2025-07-21 17:15:54 | web | [32mINFO[0m | Processed frame for session: None
2025-07-21 17:15:54 | web | [32mINFO[0m | Processed frame for session: None
2025-07-21 17:15:55 | web | [32mINFO[0m | Processed frame for session: None
2025-07-21 17:15:55 | web | [32mINFO[0m | Processed frame for session: None
2025-07-21 17:15:55 | web | [32mINFO[0m | Processed frame for session: None
2025-07-21 17:15:55 | web | [32mINFO[0m | Processed frame for session: None
2025-07-21 17:15:55 | web | [32mINFO[0m | Processed frame for session: None
2025-07-21 17:15:55 | web | [32mINFO[0m | Processed frame for session: None
2025-07-21 17:15:56 | web | [32mINFO[0m | Processed frame for session: None
2025-07-21 17:15:56 | web | [32mINFO[0m | Processed frame for session: None
2025-07-21 17:15:56 | web | [32mINFO[0m | Processed frame for session: None
2025-07-21 17:16:15 | web | [32mINFO[0m | Processed frame for session: None
2025-07-21 17:16:15 | web | [32mINFO[0m | Processed frame for session: None
2025-07-21 17:16:15 | web | [32mINFO[0m | Processed frame for session: None
2025-07-21 17:16:15 | web | [32mINFO[0m | Processed frame for session: None
2025-07-21 17:16:16 | web | [32mINFO[0m | Processed frame for session: None
2025-07-21 17:16:16 | web | [32mINFO[0m | Processed frame for session: None
2025-07-21 17:16:16 | web | [32mINFO[0m | Processed frame for session: None
2025-07-21 17:16:16 | web | [32mINFO[0m | Processed frame for session: None
2025-07-21 17:16:16 | web | [32mINFO[0m | Processed frame for session: None
2025-07-21 17:16:16 | web | [32mINFO[0m | Processed frame for session: None
2025-07-21 17:16:17 | web | [32mINFO[0m | Processed frame for session: None
2025-07-21 17:16:17 | web | [32mINFO[0m | Processed frame for session: None
2025-07-21 17:16:17 | web | [32mINFO[0m | Processed frame for session: None
2025-07-21 17:16:17 | web | [32mINFO[0m | Processed frame for session: None
2025-07-21 17:16:17 | web | [32mINFO[0m | Processed frame for session: None
2025-07-21 17:16:17 | web | [32mINFO[0m | Processed frame for session: None
2025-07-21 17:16:18 | web | [32mINFO[0m | Processed frame for session: None
2025-07-21 17:16:18 | web | [32mINFO[0m | Processed frame for session: None
2025-07-21 17:16:18 | web | [32mINFO[0m | Processed frame for session: None
2025-07-21 17:16:18 | web | [32mINFO[0m | Processed frame for session: None
2025-07-21 17:16:18 | web | [32mINFO[0m | Processed frame for session: None
2025-07-21 17:16:18 | web | [32mINFO[0m | Processed frame for session: None
2025-07-21 17:16:19 | web | [32mINFO[0m | Processed frame for session: None
2025-07-21 17:16:19 | web | [32mINFO[0m | Processed frame for session: None
2025-07-21 17:16:19 | web | [32mINFO[0m | Processed frame for session: None
2025-07-21 17:16:19 | web | [32mINFO[0m | Processed frame for session: None
2025-07-21 17:16:19 | web | [32mINFO[0m | Processed frame for session: None
2025-07-21 17:16:19 | web | [32mINFO[0m | Processed frame for session: None
2025-07-21 17:16:20 | web | [32mINFO[0m | Processed frame for session: None
2025-07-21 17:16:20 | web | [32mINFO[0m | Processed frame for session: None
2025-07-21 17:16:20 | web | [32mINFO[0m | Processed frame for session: None
2025-07-21 17:16:20 | web | [32mINFO[0m | Processed frame for session: None
2025-07-21 17:16:20 | web | [32mINFO[0m | Processed frame for session: None
2025-07-21 17:16:20 | web | [32mINFO[0m | Processed frame for session: None
2025-07-21 17:16:21 | web | [32mINFO[0m | Processed frame for session: None
2025-07-21 17:16:21 | web | [32mINFO[0m | Processed frame for session: None
2025-07-21 17:16:21 | web | [32mINFO[0m | Processed frame for session: None
2025-07-21 17:16:21 | web | [32mINFO[0m | Processed frame for session: None
2025-07-21 17:16:21 | web | [32mINFO[0m | Processed frame for session: None
2025-07-21 17:16:21 | web | [32mINFO[0m | Processed frame for session: None
2025-07-21 17:16:22 | web | [32mINFO[0m | Processed frame for session: None
2025-07-21 17:16:22 | web | [32mINFO[0m | Processed frame for session: None
2025-07-21 17:16:22 | web | [32mINFO[0m | Processed frame for session: None
2025-07-21 17:16:22 | web | [32mINFO[0m | Processed frame for session: None
2025-07-21 17:16:22 | web | [32mINFO[0m | Processed frame for session: None
2025-07-21 17:16:23 | web | [32mINFO[0m | Processed frame for session: None
2025-07-21 17:16:23 | web | [32mINFO[0m | Processed frame for session: None
2025-07-21 17:16:23 | web | [32mINFO[0m | Processed frame for session: None
2025-07-21 17:16:23 | web | [32mINFO[0m | Processed frame for session: None
2025-07-21 17:16:23 | web | [32mINFO[0m | Processed frame for session: None
2025-07-21 17:16:23 | web | [32mINFO[0m | Processed frame for session: None
2025-07-21 17:16:23 | web | [32mINFO[0m | Processed frame for session: None
2025-07-21 17:16:24 | web | [32mINFO[0m | Processed frame for session: None
2025-07-21 17:16:24 | web | [32mINFO[0m | Processed frame for session: None
2025-07-21 17:16:24 | web | [32mINFO[0m | Processed frame for session: None
2025-07-21 17:16:24 | web | [32mINFO[0m | Processed frame for session: None
2025-07-21 17:16:24 | web | [32mINFO[0m | Processed frame for session: None
2025-07-21 17:16:24 | web | [32mINFO[0m | Processed frame for session: None
2025-07-21 17:16:25 | web | [32mINFO[0m | Processed frame for session: None
2025-07-21 17:16:25 | web | [32mINFO[0m | Processed frame for session: None
2025-07-21 17:16:25 | web | [32mINFO[0m | Processed frame for session: None
2025-07-21 17:16:25 | web | [32mINFO[0m | Processed frame for session: None
2025-07-21 17:16:25 | web | [32mINFO[0m | Processed frame for session: None
2025-07-21 17:16:26 | web | [32mINFO[0m | Processed frame for session: None
2025-07-21 17:16:26 | web | [32mINFO[0m | Processed frame for session: None
2025-07-21 17:16:26 | web | [32mINFO[0m | Processed frame for session: None
2025-07-21 17:16:26 | web | [32mINFO[0m | Processed frame for session: None
2025-07-21 17:16:26 | web | [32mINFO[0m | Processed frame for session: None
2025-07-21 17:16:26 | web | [32mINFO[0m | Processed frame for session: None
2025-07-21 17:16:27 | web | [32mINFO[0m | Processed frame for session: None
2025-07-21 17:16:27 | web | [32mINFO[0m | Processed frame for session: None
2025-07-21 17:16:27 | web | [32mINFO[0m | Processed frame for session: None
2025-07-21 17:16:27 | web | [32mINFO[0m | Processed frame for session: None
2025-07-21 17:16:27 | web | [32mINFO[0m | Processed frame for session: None
2025-07-21 17:16:27 | web | [32mINFO[0m | Processed frame for session: None
2025-07-21 17:16:28 | web | [32mINFO[0m | Processed frame for session: None
2025-07-21 17:16:28 | web | [32mINFO[0m | Processed frame for session: None
2025-07-21 17:16:28 | web | [32mINFO[0m | Processed frame for session: None
2025-07-21 17:16:28 | web | [32mINFO[0m | Processed frame for session: None
2025-07-21 17:16:28 | web | [32mINFO[0m | Processed frame for session: None
2025-07-21 17:16:28 | web | [32mINFO[0m | Processed frame for session: None
2025-07-21 17:16:29 | web | [32mINFO[0m | Processed frame for session: None
2025-07-21 17:16:29 | web | [32mINFO[0m | Processed frame for session: None
2025-07-21 17:16:29 | web | [32mINFO[0m | Processed frame for session: None
2025-07-21 17:16:29 | web | [32mINFO[0m | Processed frame for session: None
2025-07-21 17:16:29 | web | [33mWARNING[0m | 404 error: http://localhost:5000/.well-known/appspecific/com.chrome.devtools.json
2025-07-21 17:16:29 | web | [32mINFO[0m | Processed frame for session: None
2025-07-21 17:16:29 | web | [32mINFO[0m | Processed frame for session: None
2025-07-21 17:16:30 | web | [32mINFO[0m | Processed frame for session: None
2025-07-21 17:16:30 | web | [32mINFO[0m | Processed frame for session: None
2025-07-21 17:16:30 | web | [32mINFO[0m | Processed frame for session: None
2025-07-21 17:16:30 | web | [32mINFO[0m | Processed frame for session: None
2025-07-21 17:16:30 | web | [32mINFO[0m | Processed frame for session: None
2025-07-21 17:16:31 | web | [32mINFO[0m | Processed frame for session: None
2025-07-21 17:16:31 | web | [32mINFO[0m | Processed frame for session: None
2025-07-21 17:16:31 | web | [32mINFO[0m | Processed frame for session: None
2025-07-21 17:16:31 | web | [32mINFO[0m | Processed frame for session: None
2025-07-21 17:16:31 | web | [32mINFO[0m | Processed frame for session: None
2025-07-21 17:16:31 | web | [32mINFO[0m | Processed frame for session: None
2025-07-21 17:16:32 | web | [32mINFO[0m | Processed frame for session: None
2025-07-21 17:16:32 | web | [32mINFO[0m | Processed frame for session: None
2025-07-21 17:16:32 | web | [32mINFO[0m | Processed frame for session: None
2025-07-21 17:16:32 | web | [32mINFO[0m | Processed frame for session: None
2025-07-21 17:16:32 | web | [32mINFO[0m | Processed frame for session: None
2025-07-21 17:16:32 | web | [32mINFO[0m | Processed frame for session: None
2025-07-21 17:16:33 | web | [32mINFO[0m | Processed frame for session: None
2025-07-21 17:16:33 | web | [32mINFO[0m | Processed frame for session: None
2025-07-21 17:16:33 | web | [32mINFO[0m | Processed frame for session: None
2025-07-21 17:16:33 | web | [32mINFO[0m | Processed frame for session: None
2025-07-21 17:16:33 | web | [32mINFO[0m | Processed frame for session: None
2025-07-21 17:16:33 | web | [32mINFO[0m | Processed frame for session: None
2025-07-21 17:16:33 | web | [32mINFO[0m | Processed frame for session: None
2025-07-21 17:16:34 | web | [32mINFO[0m | Processed frame for session: None
2025-07-21 17:16:34 | web | [32mINFO[0m | Processed frame for session: None
2025-07-21 17:16:34 | web | [32mINFO[0m | Processed frame for session: None
2025-07-21 17:16:34 | web | [32mINFO[0m | Processed frame for session: None
2025-07-21 17:16:34 | web | [32mINFO[0m | Processed frame for session: None
2025-07-21 17:16:34 | web | [32mINFO[0m | Processed frame for session: None
2025-07-21 17:16:35 | web | [32mINFO[0m | Processed frame for session: None
2025-07-21 17:16:35 | web | [32mINFO[0m | Processed frame for session: None
2025-07-21 17:16:35 | web | [32mINFO[0m | Processed frame for session: None
2025-07-21 17:16:35 | web | [32mINFO[0m | Processed frame for session: None
2025-07-21 17:16:35 | web | [32mINFO[0m | Processed frame for session: None
2025-07-21 17:16:35 | web | [32mINFO[0m | Processed frame for session: None
2025-07-21 17:16:36 | web | [32mINFO[0m | Processed frame for session: None
2025-07-21 17:16:36 | web | [32mINFO[0m | Processed frame for session: None
2025-07-21 17:16:36 | web | [32mINFO[0m | Processed frame for session: None
2025-07-21 17:16:36 | web | [32mINFO[0m | Processed frame for session: None
2025-07-21 17:16:36 | web | [32mINFO[0m | Processed frame for session: None
2025-07-21 17:16:36 | web | [32mINFO[0m | Processed frame for session: None
2025-07-21 17:16:37 | web | [32mINFO[0m | Processed frame for session: None
2025-07-21 17:16:37 | web | [32mINFO[0m | Processed frame for session: None
2025-07-21 17:16:37 | web | [32mINFO[0m | Processed frame for session: None
2025-07-21 17:16:37 | web | [32mINFO[0m | Processed frame for session: None
2025-07-21 17:16:37 | web | [32mINFO[0m | Processed frame for session: None
2025-07-21 17:16:38 | web | [32mINFO[0m | Processed frame for session: None
2025-07-21 17:16:38 | web | [32mINFO[0m | Processed frame for session: None
2025-07-21 17:16:38 | web | [32mINFO[0m | Processed frame for session: None
2025-07-21 17:16:38 | web | [32mINFO[0m | Processed frame for session: None
2025-07-21 17:16:38 | web | [32mINFO[0m | Processed frame for session: None
2025-07-21 17:16:38 | web | [32mINFO[0m | Processed frame for session: None
2025-07-21 17:16:39 | web | [32mINFO[0m | Processed frame for session: None
2025-07-21 17:16:39 | web | [32mINFO[0m | Processed frame for session: None
2025-07-21 17:16:39 | web | [32mINFO[0m | Processed frame for session: None
2025-07-21 17:16:39 | web | [32mINFO[0m | Processed frame for session: None
2025-07-21 17:16:39 | web | [32mINFO[0m | Processed frame for session: None
2025-07-21 17:16:39 | web | [32mINFO[0m | Processed frame for session: None
2025-07-21 17:16:39 | web | [32mINFO[0m | Processed frame for session: None
2025-07-21 17:16:40 | web | [32mINFO[0m | Processed frame for session: None
2025-07-21 17:16:40 | web | [32mINFO[0m | Processed frame for session: None
2025-07-21 17:16:40 | web | [32mINFO[0m | Processed frame for session: None
2025-07-21 17:16:40 | web | [32mINFO[0m | Processed frame for session: None
2025-07-21 17:16:40 | web | [32mINFO[0m | Processed frame for session: None
2025-07-21 17:16:41 | web | [32mINFO[0m | Processed frame for session: None
2025-07-21 17:16:41 | web | [32mINFO[0m | Processed frame for session: None
2025-07-21 17:16:41 | web | [32mINFO[0m | Processed frame for session: None
2025-07-21 17:16:41 | web | [32mINFO[0m | Processed frame for session: None
2025-07-21 17:16:41 | web | [32mINFO[0m | Processed frame for session: None
2025-07-21 17:16:41 | web | [32mINFO[0m | Processed frame for session: None
2025-07-21 17:16:42 | web | [32mINFO[0m | Processed frame for session: None
2025-07-21 17:16:42 | web | [32mINFO[0m | Processed frame for session: None
2025-07-21 17:16:42 | web | [32mINFO[0m | Processed frame for session: None
2025-07-21 17:16:42 | web | [32mINFO[0m | Processed frame for session: None
2025-07-21 17:16:42 | web | [32mINFO[0m | Processed frame for session: None
2025-07-21 17:16:42 | web | [32mINFO[0m | Processed frame for session: None
2025-07-21 17:16:43 | web | [32mINFO[0m | Processed frame for session: None
2025-07-21 17:16:43 | web | [32mINFO[0m | Processed frame for session: None
2025-07-21 17:16:43 | web | [32mINFO[0m | Processed frame for session: None
2025-07-21 17:16:43 | web | [32mINFO[0m | Processed frame for session: None
2025-07-21 17:16:43 | web | [32mINFO[0m | Processed frame for session: None
2025-07-21 17:16:43 | web | [32mINFO[0m | Processed frame for session: None
2025-07-21 17:16:43 | web | [32mINFO[0m | Processed frame for session: None
2025-07-21 17:16:44 | web | [32mINFO[0m | Processed frame for session: None
2025-07-21 17:16:44 | web | [32mINFO[0m | Processed frame for session: None
2025-07-21 17:16:44 | web | [32mINFO[0m | Processed frame for session: None
2025-07-21 17:16:44 | web | [32mINFO[0m | Processed frame for session: None
2025-07-21 17:16:44 | web | [32mINFO[0m | Processed frame for session: None
2025-07-21 17:16:45 | web | [32mINFO[0m | Processed frame for session: None
2025-07-21 17:16:45 | web | [32mINFO[0m | Processed frame for session: None
2025-07-21 17:16:45 | web | [32mINFO[0m | Processed frame for session: None
2025-07-21 17:16:45 | web | [32mINFO[0m | Processed frame for session: None
2025-07-21 17:16:45 | web | [32mINFO[0m | Processed frame for session: None
2025-07-21 17:16:45 | web | [32mINFO[0m | Processed frame for session: None
2025-07-21 17:16:46 | web | [32mINFO[0m | Processed frame for session: None
2025-07-21 17:16:46 | web | [32mINFO[0m | Processed frame for session: None
2025-07-21 17:16:46 | web | [32mINFO[0m | Processed frame for session: None
2025-07-21 17:16:46 | web | [32mINFO[0m | Processed frame for session: None
2025-07-21 17:16:46 | web | [32mINFO[0m | Processed frame for session: None
2025-07-21 17:16:47 | web | [32mINFO[0m | Processed frame for session: None
2025-07-21 17:16:47 | web | [32mINFO[0m | Processed frame for session: None
2025-07-21 17:16:47 | web | [32mINFO[0m | Processed frame for session: None
2025-07-21 17:16:47 | web | [32mINFO[0m | Processed frame for session: None
2025-07-21 17:16:47 | web | [32mINFO[0m | Processed frame for session: None
2025-07-21 17:16:48 | web | [32mINFO[0m | Processed frame for session: None
2025-07-21 17:16:48 | web | [32mINFO[0m | Processed frame for session: None
2025-07-21 17:16:48 | web | [32mINFO[0m | Processed frame for session: None
2025-07-21 17:16:48 | web | [32mINFO[0m | Processed frame for session: None
2025-07-21 17:16:48 | web | [32mINFO[0m | Processed frame for session: None
2025-07-21 17:16:48 | web | [32mINFO[0m | Processed frame for session: None
2025-07-21 17:16:48 | web | [32mINFO[0m | Processed frame for session: None
2025-07-21 17:16:49 | web | [32mINFO[0m | Processed frame for session: None
2025-07-21 17:16:49 | web | [32mINFO[0m | Processed frame for session: None
2025-07-21 17:16:49 | web | [32mINFO[0m | Processed frame for session: None
2025-07-21 17:16:49 | web | [32mINFO[0m | Client disconnected from landmark detection
2025-07-21 17:16:49 | web | [32mINFO[0m | Processed frame for session: None
2025-07-21 17:16:49 | web | [33mWARNING[0m | 404 error: http://localhost:5000/.well-known/appspecific/com.chrome.devtools.json
2025-07-21 17:16:52 | web | [33mWARNING[0m | 404 error: http://localhost:5000/.well-known/appspecific/com.chrome.devtools.json
2025-07-21 17:16:57 | web | [32mINFO[0m | Client connected to landmark detection
2025-07-21 17:16:57 | web | [32mINFO[0m | Processed frame for session: None
2025-07-21 17:16:57 | web | [32mINFO[0m | Processed frame for session: None
2025-07-21 17:16:57 | web | [32mINFO[0m | Processed frame for session: None
2025-07-21 17:16:57 | web | [32mINFO[0m | Processed frame for session: None
2025-07-21 17:16:58 | web | [32mINFO[0m | Processed frame for session: None
2025-07-21 17:16:58 | web | [32mINFO[0m | Processed frame for session: None
2025-07-21 17:16:58 | web | [32mINFO[0m | Processed frame for session: None
2025-07-21 17:16:58 | web | [32mINFO[0m | Processed frame for session: None
2025-07-21 17:16:58 | web | [32mINFO[0m | Processed frame for session: None
2025-07-21 17:16:58 | web | [32mINFO[0m | Processed frame for session: None
2025-07-21 17:16:58 | web | [32mINFO[0m | Processed frame for session: None
2025-07-21 17:16:58 | web | [32mINFO[0m | Processed frame for session: None
2025-07-21 17:16:59 | web | [32mINFO[0m | Processed frame for session: None
2025-07-21 17:16:59 | web | [32mINFO[0m | Processed frame for session: None
2025-07-21 17:16:59 | web | [32mINFO[0m | Processed frame for session: None
2025-07-21 17:16:59 | web | [32mINFO[0m | Processed frame for session: None
2025-07-21 17:16:59 | web | [32mINFO[0m | Processed frame for session: None
2025-07-21 17:16:59 | web | [32mINFO[0m | Processed frame for session: None
2025-07-21 17:17:00 | web | [32mINFO[0m | Processed frame for session: None
2025-07-21 17:17:00 | web | [32mINFO[0m | Processed frame for session: None
2025-07-21 17:17:00 | web | [32mINFO[0m | Processed frame for session: None
2025-07-21 17:17:00 | web | [32mINFO[0m | Processed frame for session: None
2025-07-21 17:17:00 | web | [32mINFO[0m | Processed frame for session: None
2025-07-21 17:17:00 | web | [32mINFO[0m | Processed frame for session: None
2025-07-21 17:17:01 | web | [32mINFO[0m | Processed frame for session: None
2025-07-21 17:17:01 | web | [32mINFO[0m | Processed frame for session: None
2025-07-21 17:17:01 | web | [32mINFO[0m | Processed frame for session: None
2025-07-21 17:17:01 | web | [32mINFO[0m | Processed frame for session: None
2025-07-21 17:17:01 | web | [32mINFO[0m | Processed frame for session: None
2025-07-21 17:17:01 | web | [32mINFO[0m | Processed frame for session: None
2025-07-21 17:17:02 | web | [32mINFO[0m | Processed frame for session: None
2025-07-21 17:17:02 | web | [32mINFO[0m | Processed frame for session: None
2025-07-21 17:17:02 | web | [32mINFO[0m | Processed frame for session: None
2025-07-21 17:17:02 | web | [32mINFO[0m | Processed frame for session: None
2025-07-21 17:17:02 | web | [32mINFO[0m | Processed frame for session: None
2025-07-21 17:17:02 | web | [32mINFO[0m | Processed frame for session: None
2025-07-21 17:17:03 | web | [32mINFO[0m | Processed frame for session: None
2025-07-21 17:17:03 | web | [32mINFO[0m | Processed frame for session: None
2025-07-21 17:17:03 | web | [32mINFO[0m | Processed frame for session: None
2025-07-21 17:17:03 | web | [32mINFO[0m | Processed frame for session: None
2025-07-21 17:17:03 | web | [32mINFO[0m | Processed frame for session: None
2025-07-21 17:17:03 | web | [32mINFO[0m | Processed frame for session: None
2025-07-21 17:17:04 | web | [32mINFO[0m | Processed frame for session: None
2025-07-21 17:17:04 | web | [32mINFO[0m | Processed frame for session: None
2025-07-21 17:17:04 | web | [32mINFO[0m | Processed frame for session: None
2025-07-21 17:17:04 | web | [32mINFO[0m | Processed frame for session: None
2025-07-21 17:17:04 | web | [32mINFO[0m | Processed frame for session: None
2025-07-21 17:17:04 | web | [32mINFO[0m | Processed frame for session: None
2025-07-21 17:17:05 | web | [32mINFO[0m | Processed frame for session: None
2025-07-21 17:17:05 | web | [32mINFO[0m | Processed frame for session: None
2025-07-21 17:17:05 | web | [32mINFO[0m | Processed frame for session: None
2025-07-21 17:17:05 | web | [32mINFO[0m | Processed frame for session: None
2025-07-21 17:17:05 | web | [32mINFO[0m | Processed frame for session: None
2025-07-21 17:17:06 | web | [32mINFO[0m | Processed frame for session: None
2025-07-21 17:17:06 | web | [32mINFO[0m | Processed frame for session: None
2025-07-21 17:17:06 | web | [32mINFO[0m | Processed frame for session: None
2025-07-21 17:17:06 | web | [32mINFO[0m | Processed frame for session: None
2025-07-21 17:17:06 | web | [32mINFO[0m | Processed frame for session: None
2025-07-21 17:17:06 | web | [32mINFO[0m | Processed frame for session: None
2025-07-21 17:17:07 | web | [32mINFO[0m | Processed frame for session: None
2025-07-21 17:17:07 | web | [32mINFO[0m | Processed frame for session: None
2025-07-21 17:17:07 | web | [32mINFO[0m | Processed frame for session: None
2025-07-21 17:17:07 | web | [32mINFO[0m | Processed frame for session: None
2025-07-21 17:17:07 | web | [32mINFO[0m | Processed frame for session: None
2025-07-21 17:17:07 | web | [32mINFO[0m | Processed frame for session: None
2025-07-21 17:17:08 | web | [32mINFO[0m | Processed frame for session: None
2025-07-21 17:17:08 | web | [32mINFO[0m | Processed frame for session: None
2025-07-21 17:17:08 | web | [32mINFO[0m | Processed frame for session: None
2025-07-21 17:17:08 | web | [32mINFO[0m | Processed frame for session: None
2025-07-21 17:17:08 | web | [32mINFO[0m | Processed frame for session: None
2025-07-21 17:17:08 | web | [32mINFO[0m | Client disconnected from landmark detection
2025-07-21 17:17:08 | web | [32mINFO[0m | Processed frame for session: None
2025-07-21 17:17:10 | web | [33mWARNING[0m | 404 error: http://localhost:5000/.well-known/appspecific/com.chrome.devtools.json
2025-07-21 17:17:10 | web | [33mWARNING[0m | 404 error: http://localhost:5000/.well-known/appspecific/com.chrome.devtools.json
2025-07-21 17:17:10 | web | [33mWARNING[0m | 404 error: http://localhost:5000/.well-known/appspecific/com.chrome.devtools.json
2025-07-21 17:17:13 | web | [32mINFO[0m | Client connected to landmark detection
2025-07-21 17:17:13 | web | [32mINFO[0m | Processed frame for session: None
2025-07-21 17:17:13 | web | [32mINFO[0m | Processed frame for session: None
2025-07-21 17:17:13 | web | [32mINFO[0m | Processed frame for session: None
2025-07-21 17:17:13 | web | [32mINFO[0m | Processed frame for session: None
2025-07-21 17:17:13 | web | [32mINFO[0m | Processed frame for session: None
2025-07-21 17:17:13 | web | [32mINFO[0m | Processed frame for session: None
2025-07-21 17:17:14 | web | [32mINFO[0m | Processed frame for session: None
2025-07-21 17:17:14 | web | [32mINFO[0m | Processed frame for session: None
2025-07-21 17:17:14 | web | [32mINFO[0m | Processed frame for session: None
2025-07-21 17:17:14 | web | [32mINFO[0m | Processed frame for session: None
2025-07-21 17:17:14 | web | [32mINFO[0m | Processed frame for session: None
2025-07-21 17:17:14 | web | [32mINFO[0m | Processed frame for session: None
2025-07-21 17:17:15 | web | [32mINFO[0m | Processed frame for session: None
2025-07-21 17:17:15 | web | [32mINFO[0m | Processed frame for session: None
2025-07-21 17:17:15 | web | [32mINFO[0m | Processed frame for session: None
2025-07-21 17:17:15 | web | [32mINFO[0m | Processed frame for session: None
2025-07-21 17:17:15 | web | [32mINFO[0m | Processed frame for session: None
2025-07-21 17:17:15 | web | [32mINFO[0m | Client disconnected from landmark detection
2025-07-21 17:17:16 | web | [32mINFO[0m | Processed frame for session: None
2025-07-21 17:17:22 | web | [33mWARNING[0m | 404 error: http://localhost:5000/.well-known/appspecific/com.chrome.devtools.json
2025-07-21 17:17:23 | web | [33mWARNING[0m | 404 error: http://localhost:5000/.well-known/appspecific/com.chrome.devtools.json
2025-07-21 17:17:24 | web | [33mWARNING[0m | 404 error: http://localhost:5000/.well-known/appspecific/com.chrome.devtools.json
2025-07-21 17:17:25 | web | [32mINFO[0m | Client connected to landmark detection
2025-07-21 17:17:30 | web | [32mINFO[0m | Processed frame for session: a83e868c-a07d-455f-9bab-5d40f41d6821
2025-07-21 17:17:30 | web | [32mINFO[0m | Processed frame for session: a83e868c-a07d-455f-9bab-5d40f41d6821
2025-07-21 17:17:30 | web | [32mINFO[0m | Processed frame for session: a83e868c-a07d-455f-9bab-5d40f41d6821
2025-07-21 17:17:30 | web | [32mINFO[0m | Processed frame for session: a83e868c-a07d-455f-9bab-5d40f41d6821
2025-07-21 17:17:31 | web | [32mINFO[0m | Processed frame for session: a83e868c-a07d-455f-9bab-5d40f41d6821
2025-07-21 17:17:31 | web | [32mINFO[0m | Processed frame for session: a83e868c-a07d-455f-9bab-5d40f41d6821
2025-07-21 17:17:31 | web | [32mINFO[0m | Processed frame for session: a83e868c-a07d-455f-9bab-5d40f41d6821
2025-07-21 17:17:31 | web | [32mINFO[0m | Processed frame for session: a83e868c-a07d-455f-9bab-5d40f41d6821
2025-07-21 17:17:32 | web | [32mINFO[0m | Processed frame for session: a83e868c-a07d-455f-9bab-5d40f41d6821
2025-07-21 17:17:32 | web | [32mINFO[0m | Processed frame for session: a83e868c-a07d-455f-9bab-5d40f41d6821
2025-07-21 17:17:32 | web | [32mINFO[0m | Processed frame for session: a83e868c-a07d-455f-9bab-5d40f41d6821
2025-07-21 17:17:32 | web | [32mINFO[0m | Processed frame for session: a83e868c-a07d-455f-9bab-5d40f41d6821
2025-07-21 17:17:32 | web | [32mINFO[0m | Processed frame for session: a83e868c-a07d-455f-9bab-5d40f41d6821
2025-07-21 17:17:33 | web | [32mINFO[0m | Processed frame for session: a83e868c-a07d-455f-9bab-5d40f41d6821
2025-07-21 17:17:33 | web | [32mINFO[0m | Processed frame for session: a83e868c-a07d-455f-9bab-5d40f41d6821
2025-07-21 17:17:33 | web | [32mINFO[0m | Processed frame for session: a83e868c-a07d-455f-9bab-5d40f41d6821
2025-07-21 17:17:33 | web | [32mINFO[0m | Processed frame for session: a83e868c-a07d-455f-9bab-5d40f41d6821
2025-07-21 17:17:33 | web | [32mINFO[0m | Processed frame for session: a83e868c-a07d-455f-9bab-5d40f41d6821
2025-07-21 17:17:34 | web | [32mINFO[0m | Processed frame for session: a83e868c-a07d-455f-9bab-5d40f41d6821
2025-07-21 17:17:34 | web | [32mINFO[0m | Processed frame for session: a83e868c-a07d-455f-9bab-5d40f41d6821
2025-07-21 17:17:34 | web | [32mINFO[0m | Processed frame for session: a83e868c-a07d-455f-9bab-5d40f41d6821
2025-07-21 17:17:34 | web | [32mINFO[0m | Processed frame for session: a83e868c-a07d-455f-9bab-5d40f41d6821
2025-07-21 17:17:35 | web | [32mINFO[0m | Processed frame for session: a83e868c-a07d-455f-9bab-5d40f41d6821
2025-07-21 17:17:35 | web | [32mINFO[0m | Processed frame for session: a83e868c-a07d-455f-9bab-5d40f41d6821
2025-07-21 17:17:35 | web | [32mINFO[0m | Client disconnected from landmark detection
2025-07-21 17:17:35 | web | [32mINFO[0m | Processed frame for session: a83e868c-a07d-455f-9bab-5d40f41d6821
2025-07-21 17:17:35 | web | [33mWARNING[0m | 404 error: http://localhost:5000/.well-known/appspecific/com.chrome.devtools.json
2025-07-21 17:17:36 | web | [33mWARNING[0m | 404 error: http://localhost:5000/.well-known/appspecific/com.chrome.devtools.json
2025-07-21 17:17:38 | web | [33mWARNING[0m | 404 error: http://localhost:5000/.well-known/appspecific/com.chrome.devtools.json
2025-07-21 17:18:39 | web | [32mINFO[0m | Client disconnected from landmark detection
