2025-07-21 15:28:35 | src.utils.logger | [32mINFO[0m | Logging system initialized
2025-07-21 15:28:35 | src.utils.logger | DEBUG | Log level: INFO
2025-07-21 15:28:35 | src.utils.logger | DEBUG | Log file: logs\app_20250721_152835.log
2025-07-21 15:28:35 | __main__ | [32mINFO[0m | ============================================================
2025-07-21 15:28:35 | __main__ | [32mINFO[0m | FACE ANTI-SPOOFING ATTENDANCE SYSTEM
2025-07-21 15:28:35 | __main__ | [32mINFO[0m | ============================================================
2025-07-21 15:28:35 | __main__ | [32mINFO[0m | Mode: web
2025-07-21 15:28:35 | __main__ | [32mINFO[0m | Config: config/default.json
2025-07-21 15:28:35 | __main__ | [32mINFO[0m | Debug: False
2025-07-21 15:28:35 | src.utils.config | [33mWARNING[0m | Failed to load config from D:\Codingan\skripsi\dari nol\config\default.json: TrainingConfig.__init__() got an unexpected keyword argument 'optimizer'
2025-07-21 15:28:35 | src.utils.config | [32mINFO[0m | Using default configuration
2025-07-21 15:28:35 | src.core.app_launcher | [32mINFO[0m | [OK] Application launcher initialized
2025-07-21 15:28:35 | src.core.app_launcher | [32mINFO[0m | [START] Starting web application...
2025-07-21 15:28:35 | src.core.app_launcher | [32mINFO[0m | Press Ctrl+C to stop the server
2025-07-21 15:28:42 | web | [33mWARNING[0m | 404 error: http://localhost:5000/socket.io/?EIO=4&transport=polling&t=PWhueCB
2025-07-21 15:28:42 | web | [33mWARNING[0m | 404 error: http://localhost:5000/favicon.ico
2025-07-21 15:28:43 | web | [33mWARNING[0m | 404 error: http://localhost:5000/socket.io/?EIO=4&transport=polling&t=PWhueWF
2025-07-21 15:28:45 | web | [33mWARNING[0m | 404 error: http://localhost:5000/socket.io/?EIO=4&transport=polling&t=PWhue_W
2025-07-21 15:28:49 | web | [33mWARNING[0m | 404 error: http://localhost:5000/socket.io/?EIO=4&transport=polling&t=PWhuf-4
2025-07-21 15:28:55 | web | [33mWARNING[0m | 404 error: http://localhost:5000/socket.io/?EIO=4&transport=polling&t=PWhuhRe
2025-07-21 15:29:01 | web | [33mWARNING[0m | 404 error: http://localhost:5000/socket.io/?EIO=4&transport=polling&t=PWhuivW
2025-07-21 15:29:07 | web | [33mWARNING[0m | 404 error: http://localhost:5000/socket.io/?EIO=4&transport=polling&t=PWhukN8
2025-07-21 15:29:13 | web | [33mWARNING[0m | 404 error: http://localhost:5000/socket.io/?EIO=4&transport=polling&t=PWhulqy
2025-07-21 15:29:19 | web | [33mWARNING[0m | 404 error: http://localhost:5000/socket.io/?EIO=4&transport=polling&t=PWhunIp
2025-07-21 15:29:25 | web | [33mWARNING[0m | 404 error: http://localhost:5000/socket.io/?EIO=4&transport=polling&t=PWhuomV
2025-07-21 15:29:31 | web | [33mWARNING[0m | 404 error: http://localhost:5000/socket.io/?EIO=4&transport=polling&t=PWhuqEA
2025-07-21 15:29:37 | web | [33mWARNING[0m | 404 error: http://localhost:5000/socket.io/?EIO=4&transport=polling&t=PWhurh_
2025-07-21 15:29:43 | web | [33mWARNING[0m | 404 error: http://localhost:5000/socket.io/?EIO=4&transport=polling&t=PWhut9n
2025-07-21 15:29:49 | web | [33mWARNING[0m | 404 error: http://localhost:5000/socket.io/?EIO=4&transport=polling&t=PWhuudO
2025-07-21 15:29:55 | web | [33mWARNING[0m | 404 error: http://localhost:5000/socket.io/?EIO=4&transport=polling&t=PWhuw5B
2025-07-21 15:30:00 | web | [33mWARNING[0m | 404 error: http://localhost:5000/socket.io/?EIO=4&transport=polling&t=PWhuxSO
2025-07-21 15:30:01 | web | [33mWARNING[0m | 404 error: http://localhost:5000/socket.io/?EIO=4&transport=polling&t=PWhuxZ0
2025-07-21 15:30:01 | web | [33mWARNING[0m | 404 error: http://localhost:5000/socket.io/?EIO=4&transport=polling&t=PWhuxo4
2025-07-21 15:30:04 | web | [33mWARNING[0m | 404 error: http://localhost:5000/socket.io/?EIO=4&transport=polling&t=PWhuyPi
2025-07-21 15:30:07 | web | [33mWARNING[0m | 404 error: http://localhost:5000/socket.io/?EIO=4&transport=polling&t=PWhuz0m
2025-07-21 15:30:09 | web | [33mWARNING[0m | 404 error: http://localhost:5000/socket.io/?EIO=4&transport=polling&t=PWhuzY9
2025-07-21 15:30:13 | web | [33mWARNING[0m | 404 error: http://localhost:5000/socket.io/?EIO=4&transport=polling&t=PWhu-UV
2025-07-21 15:30:14 | web | [33mWARNING[0m | 404 error: http://localhost:5000/socket.io/?EIO=4&transport=polling&t=PWhu-rQ
2025-07-21 15:30:16 | web | [33mWARNING[0m | 404 error: http://localhost:5000/api/start_verification
2025-07-21 15:30:19 | web | [33mWARNING[0m | 404 error: http://localhost:5000/socket.io/?EIO=4&transport=polling&t=PWhu_yG
2025-07-21 15:30:25 | web | [33mWARNING[0m | 404 error: http://localhost:5000/socket.io/?EIO=4&transport=polling&t=PWhv1Q0
2025-07-21 15:30:31 | web | [33mWARNING[0m | 404 error: http://localhost:5000/socket.io/?EIO=4&transport=polling&t=PWhv2tn
2025-07-21 15:30:37 | web | [33mWARNING[0m | 404 error: http://localhost:5000/socket.io/?EIO=4&transport=polling&t=PWhv4LM
2025-07-21 15:30:43 | web | [33mWARNING[0m | 404 error: http://localhost:5000/socket.io/?EIO=4&transport=polling&t=PWhv5pG
2025-07-21 15:30:49 | web | [33mWARNING[0m | 404 error: http://localhost:5000/socket.io/?EIO=4&transport=polling&t=PWhv7H0
2025-07-21 15:30:55 | web | [33mWARNING[0m | 404 error: http://localhost:5000/socket.io/?EIO=4&transport=polling&t=PWhv8kn
2025-07-21 15:31:01 | web | [33mWARNING[0m | 404 error: http://localhost:5000/socket.io/?EIO=4&transport=polling&t=PWhvACX
2025-07-21 15:31:07 | web | [33mWARNING[0m | 404 error: http://localhost:5000/socket.io/?EIO=4&transport=polling&t=PWhvBgH
2025-07-21 15:31:13 | web | [33mWARNING[0m | 404 error: http://localhost:5000/socket.io/?EIO=4&transport=polling&t=PWhvD81
2025-07-21 15:31:19 | web | [33mWARNING[0m | 404 error: http://localhost:5000/socket.io/?EIO=4&transport=polling&t=PWhvEbn
2025-07-21 15:31:25 | web | [33mWARNING[0m | 404 error: http://localhost:5000/socket.io/?EIO=4&transport=polling&t=PWhvG3Y
2025-07-21 15:31:31 | web | [33mWARNING[0m | 404 error: http://localhost:5000/socket.io/?EIO=4&transport=polling&t=PWhvHXF
2025-07-21 15:31:37 | web | [33mWARNING[0m | 404 error: http://localhost:5000/socket.io/?EIO=4&transport=polling&t=PWhvI_1
2025-07-21 15:31:43 | web | [33mWARNING[0m | 404 error: http://localhost:5000/socket.io/?EIO=4&transport=polling&t=PWhvKSn
2025-07-21 15:31:49 | web | [33mWARNING[0m | 404 error: http://localhost:5000/socket.io/?EIO=4&transport=polling&t=PWhvLwV
2025-07-21 15:31:55 | web | [33mWARNING[0m | 404 error: http://localhost:5000/socket.io/?EIO=4&transport=polling&t=PWhvNOG
2025-07-21 15:32:01 | web | [33mWARNING[0m | 404 error: http://localhost:5000/socket.io/?EIO=4&transport=polling&t=PWhvOs0
2025-07-21 15:32:07 | web | [33mWARNING[0m | 404 error: http://localhost:5000/socket.io/?EIO=4&transport=polling&t=PWhvQJp
2025-07-21 15:32:13 | web | [33mWARNING[0m | 404 error: http://localhost:5000/socket.io/?EIO=4&transport=polling&t=PWhvRnW
2025-07-21 15:32:19 | web | [33mWARNING[0m | 404 error: http://localhost:5000/socket.io/?EIO=4&transport=polling&t=PWhvTFI
2025-07-21 15:32:25 | web | [33mWARNING[0m | 404 error: http://localhost:5000/socket.io/?EIO=4&transport=polling&t=PWhvUiy
2025-07-21 15:32:31 | web | [33mWARNING[0m | 404 error: http://localhost:5000/socket.io/?EIO=4&transport=polling&t=PWhvWAq
2025-07-21 15:32:37 | web | [33mWARNING[0m | 404 error: http://localhost:5000/socket.io/?EIO=4&transport=polling&t=PWhvXeY
2025-07-21 15:32:43 | web | [33mWARNING[0m | 404 error: http://localhost:5000/socket.io/?EIO=4&transport=polling&t=PWhvZ6K
2025-07-21 15:32:49 | web | [33mWARNING[0m | 404 error: http://localhost:5000/socket.io/?EIO=4&transport=polling&t=PWhvaa3
2025-07-21 15:32:55 | web | [33mWARNING[0m | 404 error: http://localhost:5000/socket.io/?EIO=4&transport=polling&t=PWhvc1q
2025-07-21 15:33:01 | web | [33mWARNING[0m | 404 error: http://localhost:5000/socket.io/?EIO=4&transport=polling&t=PWhvdVX
2025-07-21 15:33:07 | web | [33mWARNING[0m | 404 error: http://localhost:5000/socket.io/?EIO=4&transport=polling&t=PWhvezI
2025-07-21 15:33:13 | web | [33mWARNING[0m | 404 error: http://localhost:5000/socket.io/?EIO=4&transport=polling&t=PWhvgR2
2025-07-21 15:33:19 | web | [33mWARNING[0m | 404 error: http://localhost:5000/socket.io/?EIO=4&transport=polling&t=PWhvhuc
2025-07-21 15:33:25 | web | [33mWARNING[0m | 404 error: http://localhost:5000/socket.io/?EIO=4&transport=polling&t=PWhvjMM
2025-07-21 15:33:31 | web | [33mWARNING[0m | 404 error: http://localhost:5000/socket.io/?EIO=4&transport=polling&t=PWhvkqI
2025-07-21 15:33:37 | web | [33mWARNING[0m | 404 error: http://localhost:5000/socket.io/?EIO=4&transport=polling&t=PWhvmI2
